  [1m[35m (0.1ms)[0m  [1m[34mSELECT sqlite_version(*)[0m
  ↳ bin/rails:9
  [1m[35m (1.1ms)[0m  [1m[35mCREATE TABLE "schema_migrations" ("version" varchar NOT NULL PRIMARY KEY)[0m
  ↳ bin/rails:9
  [1m[35m (1.0ms)[0m  [1m[35mCREATE TABLE "ar_internal_metadata" ("key" varchar NOT NULL PRIMARY KEY, "value" varchar, "created_at" datetime NOT NULL, "updated_at" datetime NOT NULL)[0m
  ↳ bin/rails:9
  [1m[36mActiveRecord::InternalMetadata Load (0.2ms)[0m  [1m[34mSELECT  "ar_internal_metadata".* FROM "ar_internal_metadata" WHERE "ar_internal_metadata"."key" = ? LIMIT ?[0m  [["key", "environment"], ["LIMIT", 1]]
  ↳ bin/rails:9
  [1m[35m (0.0ms)[0m  [1m[36mbegin transaction[0m
  ↳ bin/rails:9
  [1m[36mActiveRecord::InternalMetadata Create (0.3ms)[0m  [1m[32mINSERT INTO "ar_internal_metadata" ("key", "value", "created_at", "updated_at") VALUES (?, ?, ?, ?)[0m  [["key", "environment"], ["value", "development"], ["created_at", "2018-07-31 09:46:42.095696"], ["updated_at", "2018-07-31 09:46:42.095696"]]
  ↳ bin/rails:9
  [1m[35m (0.9ms)[0m  [1m[36mcommit transaction[0m
  ↳ bin/rails:9
  [1m[35m (0.1ms)[0m  [1m[34mSELECT "schema_migrations"."version" FROM "schema_migrations" ORDER BY "schema_migrations"."version" ASC[0m
  ↳ bin/rails:9
  [1m[35m (0.1ms)[0m  [1m[34mSELECT "schema_migrations"."version" FROM "schema_migrations" ORDER BY "schema_migrations"."version" ASC[0m
  ↳ bin/rails:9
  [1m[35m (0.1ms)[0m  [1m[34mSELECT "schema_migrations"."version" FROM "schema_migrations" ORDER BY "schema_migrations"."version" ASC[0m
  ↳ bin/rails:9
  [1m[35m (0.1ms)[0m  [1m[34mSELECT sqlite_version(*)[0m
  ↳ bin/rails:9
  [1m[35m (1.8ms)[0m  [1m[35mCREATE TABLE "schema_migrations" ("version" varchar NOT NULL PRIMARY KEY)[0m
  ↳ bin/rails:9
  [1m[35m (1.2ms)[0m  [1m[35mCREATE TABLE "ar_internal_metadata" ("key" varchar NOT NULL PRIMARY KEY, "value" varchar, "created_at" datetime NOT NULL, "updated_at" datetime NOT NULL)[0m
  ↳ bin/rails:9
  [1m[35m (0.1ms)[0m  [1m[34mSELECT "schema_migrations"."version" FROM "schema_migrations" ORDER BY "schema_migrations"."version" ASC[0m
  ↳ bin/rails:9
Migrating to CreateUsers (20180731100129)
  [1m[35m (0.0ms)[0m  [1m[36mbegin transaction[0m
  ↳ bin/rails:9
  [1m[35m (0.4ms)[0m  [1m[35mCREATE TABLE "users" ("id" integer PRIMARY KEY AUTOINCREMENT NOT NULL, "username" varchar, "email" varchar, "bio" text, "created_at" datetime NOT NULL, "updated_at" datetime NOT NULL)[0m
  ↳ db/migrate/20180731100129_create_users.rb:3
  [1m[36mActiveRecord::SchemaMigration Create (0.2ms)[0m  [1m[32mINSERT INTO "schema_migrations" ("version") VALUES (?)[0m  [["version", "20180731100129"]]
  ↳ bin/rails:9
  [1m[35m (0.8ms)[0m  [1m[36mcommit transaction[0m
  ↳ bin/rails:9
  [1m[36mActiveRecord::InternalMetadata Load (0.2ms)[0m  [1m[34mSELECT  "ar_internal_metadata".* FROM "ar_internal_metadata" WHERE "ar_internal_metadata"."key" = ? LIMIT ?[0m  [["key", "environment"], ["LIMIT", 1]]
  ↳ bin/rails:9
  [1m[35m (0.1ms)[0m  [1m[36mbegin transaction[0m
  ↳ bin/rails:9
  [1m[36mActiveRecord::InternalMetadata Create (0.4ms)[0m  [1m[32mINSERT INTO "ar_internal_metadata" ("key", "value", "created_at", "updated_at") VALUES (?, ?, ?, ?)[0m  [["key", "environment"], ["value", "development"], ["created_at", "2018-07-31 12:33:07.646032"], ["updated_at", "2018-07-31 12:33:07.646032"]]
  ↳ bin/rails:9
  [1m[35m (0.8ms)[0m  [1m[36mcommit transaction[0m
  ↳ bin/rails:9
  [1m[35m (0.1ms)[0m  [1m[34mSELECT "schema_migrations"."version" FROM "schema_migrations" ORDER BY "schema_migrations"."version" ASC[0m
  ↳ bin/rails:9
Started GET "/" for 127.0.0.1 at 2018-07-31 14:41:11 +0200
  [1m[35m (0.2ms)[0m  [1m[34mSELECT "schema_migrations"."version" FROM "schema_migrations" ORDER BY "schema_migrations"."version" ASC[0m
  ↳ /Users/mailan/.rvm/gems/ruby-2.5.1/gems/activerecord-5.2.0/lib/active_record/log_subscriber.rb:98
Processing by Rails::WelcomeController#index as HTML
  Rendering /Users/mailan/.rvm/gems/ruby-2.5.1/gems/railties-5.2.0/lib/rails/templates/rails/welcome/index.html.erb
  Rendered /Users/mailan/.rvm/gems/ruby-2.5.1/gems/railties-5.2.0/lib/rails/templates/rails/welcome/index.html.erb (2.9ms)
Completed 200 OK in 22ms (Views: 9.1ms | ActiveRecord: 0.0ms)


Started GET "/new" for 127.0.0.1 at 2018-07-31 14:42:22 +0200
Processing by UsersController#new as HTML
  Rendering users/new.html.erb within layouts/application
  Rendered users/new.html.erb within layouts/application (0.8ms)
Completed 200 OK in 380ms (Views: 377.6ms | ActiveRecord: 0.0ms)


Started POST "/create" for 127.0.0.1 at 2018-07-31 14:42:40 +0200
Processing by UsersController#create as HTML
  Parameters: {"authenticity_token"=>"bzxuPmkLOIbOuz5nZpBcrVeCN9ZlXz8lwpsaY1kgg9ZZCOGVQ/o8J/0VrRfMZOo0dKmZcj6C4fYeCfnX48amcg==", "user"=>"sfdsgg", "email"=>"kosheen_cie@yahoo.fr", "bio"=>"sdfdsgfdbdffdsqcsf"}
Redirected to http://localhost:3000/
Completed 302 Found in 10ms (ActiveRecord: 0.8ms)


Started GET "/" for 127.0.0.1 at 2018-07-31 14:42:40 +0200
Processing by Rails::WelcomeController#index as HTML
  Rendering /Users/mailan/.rvm/gems/ruby-2.5.1/gems/railties-5.2.0/lib/rails/templates/rails/welcome/index.html.erb
  Rendered /Users/mailan/.rvm/gems/ruby-2.5.1/gems/railties-5.2.0/lib/rails/templates/rails/welcome/index.html.erb (2.6ms)
Completed 200 OK in 9ms (Views: 5.9ms | ActiveRecord: 0.0ms)


Started GET "/new" for 127.0.0.1 at 2018-07-31 14:47:16 +0200
Processing by UsersController#new as HTML
  Rendering users/new.html.erb within layouts/application
  Rendered users/new.html.erb within layouts/application (0.5ms)
Completed 200 OK in 21ms (Views: 17.6ms | ActiveRecord: 0.0ms)


Started POST "/create" for 127.0.0.1 at 2018-07-31 14:47:26 +0200
Processing by UsersController#create as HTML
  Parameters: {"authenticity_token"=>"zG7TKMGQWnWJvF9fqko1mFkVVyaTC9rsjuq0G0+YMKP6WlyD62Fe1LoSzC8AvoMBej75gsjWBD9SeFev9X4VBw==", "user"=>"dfsdg", "email"=>"kosheen_cie@yahoo.fr", "bio"=>"qfsdgfhgh,"}
Redirected to http://localhost:3000/
Completed 302 Found in 8ms (ActiveRecord: 0.7ms)


Started GET "/" for 127.0.0.1 at 2018-07-31 14:47:26 +0200
Processing by Rails::WelcomeController#index as HTML
  Rendering /Users/mailan/.rvm/gems/ruby-2.5.1/gems/railties-5.2.0/lib/rails/templates/rails/welcome/index.html.erb
  Rendered /Users/mailan/.rvm/gems/ruby-2.5.1/gems/railties-5.2.0/lib/rails/templates/rails/welcome/index.html.erb (2.0ms)
Completed 200 OK in 8ms (Views: 4.6ms | ActiveRecord: 0.0ms)


Started POST "/create" for 127.0.0.1 at 2018-07-31 14:49:10 +0200
Processing by UsersController#create as HTML
  Parameters: {"authenticity_token"=>"zG7TKMGQWnWJvF9fqko1mFkVVyaTC9rsjuq0G0+YMKP6WlyD62Fe1LoSzC8AvoMBej75gsjWBD9SeFev9X4VBw==", "user"=>"dfsdg", "email"=>"kosheen_cie@yahoo.fr", "bio"=>"qfsdgfhgh,"}
  [1m[35m (0.0ms)[0m  [1m[36mbegin transaction[0m
  ↳ app/controllers/users_controller.rb:11
  [1m[36mUser Create (0.5ms)[0m  [1m[32mINSERT INTO "users" ("username", "email", "bio", "created_at", "updated_at") VALUES (?, ?, ?, ?, ?)[0m  [["username", "dfsdg"], ["email", "kosheen_cie@yahoo.fr"], ["bio", "qfsdgfhgh,"], ["created_at", "2018-07-31 12:49:10.308898"], ["updated_at", "2018-07-31 12:49:10.308898"]]
  ↳ app/controllers/users_controller.rb:11
  [1m[35m (0.9ms)[0m  [1m[36mcommit transaction[0m
  ↳ app/controllers/users_controller.rb:11
Redirected to http://localhost:3000/
Completed 302 Found in 11ms (ActiveRecord: 2.0ms)


Started GET "/" for 127.0.0.1 at 2018-07-31 14:49:10 +0200
Processing by Rails::WelcomeController#index as HTML
  Rendering /Users/mailan/.rvm/gems/ruby-2.5.1/gems/railties-5.2.0/lib/rails/templates/rails/welcome/index.html.erb
  Rendered /Users/mailan/.rvm/gems/ruby-2.5.1/gems/railties-5.2.0/lib/rails/templates/rails/welcome/index.html.erb (2.0ms)
Completed 200 OK in 8ms (Views: 4.7ms | ActiveRecord: 0.0ms)


Started GET "/new" for 127.0.0.1 at 2018-07-31 14:52:10 +0200
Processing by UsersController#new as HTML
  Rendering users/new.html.erb within layouts/application
  Rendered users/new.html.erb within layouts/application (0.5ms)
Completed 200 OK in 41ms (Views: 39.0ms | ActiveRecord: 0.0ms)


Started GET "/new" for 127.0.0.1 at 2018-07-31 14:54:11 +0200
  [1m[35m (0.2ms)[0m  [1m[34mSELECT "schema_migrations"."version" FROM "schema_migrations" ORDER BY "schema_migrations"."version" ASC[0m
  ↳ /Users/mailan/.rvm/gems/ruby-2.5.1/gems/activerecord-5.2.0/lib/active_record/log_subscriber.rb:98
Processing by UsersController#new as HTML
  Rendering users/new.html.erb within layouts/application
  Rendered users/new.html.erb within layouts/application (1.0ms)
Completed 200 OK in 250ms (Views: 241.0ms | ActiveRecord: 0.0ms)


Started GET "/" for 127.0.0.1 at 2018-07-31 14:54:14 +0200
Processing by StaticPagesController#home as HTML
  Rendering static_pages/home.html.erb within layouts/application
  Rendered static_pages/home.html.erb within layouts/application (0.4ms)
Completed 200 OK in 20ms (Views: 18.1ms | ActiveRecord: 0.0ms)


Started GET "/" for 127.0.0.1 at 2018-07-31 14:57:00 +0200
Processing by StaticPagesController#home as HTML
  Rendering static_pages/home.html.erb within layouts/application
  Rendered static_pages/home.html.erb within layouts/application (209.1ms)
Completed 500 Internal Server Error in 217ms (ActiveRecord: 0.0ms)


  
ActionView::Template::Error (undefined local variable or method `new_new_path' for #<#<Class:0x00007fa7bf57a8c8>:0x00007fa7ba66ec48>
Did you mean?  new_path):
    1: <h1>StaticPages#home</h1>
    2: <p>Find me in app/views/static_pages/home.html.erb</p>
    3: <p>Pour créer un utilisateur, c'est par <%= link_to 'ici', new_new_path %></p>
  
app/views/static_pages/home.html.erb:3:in `_app_views_static_pages_home_html_erb___935776362976563986_70179181787820'
Started GET "/" for 127.0.0.1 at 2018-07-31 14:57:18 +0200
Processing by StaticPagesController#home as HTML
  Rendering static_pages/home.html.erb within layouts/application
  Rendered static_pages/home.html.erb within layouts/application (238.1ms)
Completed 500 Internal Server Error in 245ms (ActiveRecord: 0.0ms)


  
ActionView::Template::Error (undefined local variable or method `users_new_path' for #<#<Class:0x00007fa7bf57a8c8>:0x00007fa7c18e8a30>):
    1: <h1>StaticPages#home</h1>
    2: <p>Find me in app/views/static_pages/home.html.erb</p>
    3: <p>Pour créer un utilisateur, c'est par <%= link_to 'ici', users_new_path %></p>
  
app/views/static_pages/home.html.erb:3:in `_app_views_static_pages_home_html_erb___935776362976563986_70179241806240'
Started GET "/" for 127.0.0.1 at 2018-07-31 15:03:14 +0200
Processing by StaticPagesController#home as HTML
  Rendering static_pages/home.html.erb within layouts/application
  Rendered static_pages/home.html.erb within layouts/application (174.5ms)
Completed 500 Internal Server Error in 182ms (ActiveRecord: 0.0ms)


  
ActionView::Template::Error (undefined local variable or method `users_new_path' for #<#<Class:0x00007fa7bf57a8c8>:0x00007fa7bba022c8>):
    1: <h1>StaticPages#home</h1>
    2: <p>Find me in app/views/static_pages/home.html.erb</p>
    3: <p>Pour créer un utilisateur, c'est par <%= link_to 'ici', users_new_path %></p>
  
app/views/static_pages/home.html.erb:3:in `_app_views_static_pages_home_html_erb___935776362976563986_70179192051180'
Started GET "/" for 127.0.0.1 at 2018-07-31 15:03:50 +0200
Processing by StaticPagesController#home as HTML
  Rendering static_pages/home.html.erb within layouts/application
  Rendered static_pages/home.html.erb within layouts/application (0.6ms)
Completed 200 OK in 23ms (Views: 20.6ms | ActiveRecord: 0.0ms)


Started GET "/new" for 127.0.0.1 at 2018-07-31 15:03:52 +0200
Processing by UsersController#new as HTML
  Rendering users/new.html.erb within layouts/application
  Rendered users/new.html.erb within layouts/application (0.8ms)
Completed 200 OK in 35ms (Views: 32.7ms | ActiveRecord: 0.0ms)


Started GET "/new" for 127.0.0.1 at 2018-07-31 15:04:01 +0200
Processing by UsersController#new as HTML
  Rendering users/new.html.erb within layouts/application
  Rendered users/new.html.erb within layouts/application (0.6ms)
Completed 200 OK in 31ms (Views: 28.3ms | ActiveRecord: 0.0ms)


Started POST "/create" for 127.0.0.1 at 2018-07-31 15:04:17 +0200
Processing by UsersController#create as HTML
  Parameters: {"authenticity_token"=>"AXXrwOJRUK42JGVAHKgSEHbDNvf6P46BkjCCnwJPpKs3QWRryKBUDwWK9jC2XKSJVeiYU6HiUFJOomEruKmBDw==", "user"=>"azerty", "email"=>"kosheen_cie@yterdfg.fr", "bio"=>"jaiepeork"}
  [1m[35m (0.1ms)[0m  [1m[36mbegin transaction[0m
  ↳ app/controllers/users_controller.rb:11
  [1m[36mUser Create (0.4ms)[0m  [1m[32mINSERT INTO "users" ("username", "email", "bio", "created_at", "updated_at") VALUES (?, ?, ?, ?, ?)[0m  [["username", "azerty"], ["email", "kosheen_cie@yterdfg.fr"], ["bio", "jaiepeork"], ["created_at", "2018-07-31 13:04:17.621411"], ["updated_at", "2018-07-31 13:04:17.621411"]]
  ↳ app/controllers/users_controller.rb:11
  [1m[35m (0.9ms)[0m  [1m[36mcommit transaction[0m
  ↳ app/controllers/users_controller.rb:11
Redirected to http://localhost:3000/
Completed 302 Found in 26ms (ActiveRecord: 2.0ms)


Started GET "/" for 127.0.0.1 at 2018-07-31 15:04:17 +0200
Processing by StaticPagesController#home as HTML
  Rendering static_pages/home.html.erb within layouts/application
  Rendered static_pages/home.html.erb within layouts/application (0.5ms)
Completed 200 OK in 21ms (Views: 18.5ms | ActiveRecord: 0.0ms)


Started GET "/new" for 127.0.0.1 at 2018-07-31 15:04:22 +0200
Processing by UsersController#new as HTML
  Rendering users/new.html.erb within layouts/application
  Rendered users/new.html.erb within layouts/application (0.6ms)
Completed 200 OK in 24ms (Views: 22.1ms | ActiveRecord: 0.0ms)


Started POST "/create" for 127.0.0.1 at 2018-07-31 15:04:33 +0200
Processing by UsersController#create as HTML
  Parameters: {"authenticity_token"=>"Yt+F8QGc9xlyixLy9VDRFZXOLyv01/SJtEaH4PgBpWdU6wpaK23zuEElgYJfpGeMtuWBj68KKlpo1GRUQueAww==", "user"=>"sdfgnh,gbfsd", "email"=>"pocxvkxng@gmail.com", "bio"=>"<cwmxl; wm"}
  [1m[35m (0.1ms)[0m  [1m[36mbegin transaction[0m
  ↳ app/controllers/users_controller.rb:11
  [1m[36mUser Create (0.4ms)[0m  [1m[32mINSERT INTO "users" ("username", "email", "bio", "created_at", "updated_at") VALUES (?, ?, ?, ?, ?)[0m  [["username", "sdfgnh,gbfsd"], ["email", "pocxvkxng@gmail.com"], ["bio", "<cwmxl; wm"], ["created_at", "2018-07-31 13:04:33.792587"], ["updated_at", "2018-07-31 13:04:33.792587"]]
  ↳ app/controllers/users_controller.rb:11
  [1m[35m (1.0ms)[0m  [1m[36mcommit transaction[0m
  ↳ app/controllers/users_controller.rb:11
Redirected to http://localhost:3000/
Completed 302 Found in 4ms (ActiveRecord: 1.5ms)


Started GET "/" for 127.0.0.1 at 2018-07-31 15:04:33 +0200
Processing by StaticPagesController#home as HTML
  Rendering static_pages/home.html.erb within layouts/application
  Rendered static_pages/home.html.erb within layouts/application (0.4ms)
Completed 200 OK in 20ms (Views: 18.1ms | ActiveRecord: 0.0ms)


Started GET "/" for 127.0.0.1 at 2018-07-31 15:11:52 +0200
Processing by StaticPagesController#home as HTML
  Rendering static_pages/home.html.erb within layouts/application
  Rendered static_pages/home.html.erb within layouts/application (0.4ms)
Completed 200 OK in 20ms (Views: 17.7ms | ActiveRecord: 0.0ms)


Started GET "/new" for 127.0.0.1 at 2018-07-31 15:11:54 +0200
Processing by UsersController#new as HTML
  Rendering users/new.html.erb within layouts/application
  Rendered users/new.html.erb within layouts/application (65.4ms)
Completed 500 Internal Server Error in 74ms (ActiveRecord: 0.0ms)


  
ActionView::Template::Error (undefined method `model_name' for nil:NilClass):
     8: <textarea name="bio" rows="8" cols="30" placeholder="bio"></textarea>
     9:   <input type="submit" value="Envoyer le formulaire">
    10: </form> -->
    11: <%= simple_form_for @user do |f| %>
    12:         <%= f.input :username, :label => 'Votre pseudo' %>
    13:         <%= f.input :email, :label => 'Votre email' %>
    14:         <%= f.input :bio, :label => 'Votre bio' %>
  
app/views/users/new.html.erb:11:in `_app_views_users_new_html_erb___2835137740079721443_70179182213120'
Started POST "/__web_console/repl_sessions/c10b7ebca5d28d8ac51d4d9dffa201c2/trace" for 127.0.0.1 at 2018-07-31 15:12:18 +0200
Started POST "/__web_console/repl_sessions/c10b7ebca5d28d8ac51d4d9dffa201c2/trace" for 127.0.0.1 at 2018-07-31 15:12:20 +0200
Started POST "/__web_console/repl_sessions/c10b7ebca5d28d8ac51d4d9dffa201c2/trace" for 127.0.0.1 at 2018-07-31 15:12:20 +0200
Started POST "/__web_console/repl_sessions/c10b7ebca5d28d8ac51d4d9dffa201c2/trace" for 127.0.0.1 at 2018-07-31 15:12:21 +0200
Started GET "/" for 127.0.0.1 at 2018-07-31 15:15:24 +0200
Processing by StaticPagesController#home as HTML
  Rendering static_pages/home.html.erb within layouts/application
  Rendered static_pages/home.html.erb within layouts/application (0.4ms)
Completed 200 OK in 21ms (Views: 19.1ms | ActiveRecord: 0.0ms)


Started GET "/" for 127.0.0.1 at 2018-07-31 15:15:26 +0200
Processing by StaticPagesController#home as HTML
  Rendering static_pages/home.html.erb within layouts/application
  Rendered static_pages/home.html.erb within layouts/application (0.6ms)
Completed 200 OK in 22ms (Views: 19.2ms | ActiveRecord: 0.0ms)


Started GET "/new" for 127.0.0.1 at 2018-07-31 15:15:28 +0200
Processing by UsersController#new as HTML
  Rendering users/new.html.erb within layouts/application
  Rendered users/new.html.erb within layouts/application (1.0ms)
Completed 500 Internal Server Error in 10ms (ActiveRecord: 0.0ms)


  
SyntaxError (/Users/mailan/Documents/Thp_s5/heroku_formulaire/app/views/users/new.html.erb:11: syntax error, unexpected tLABEL, expecting keyword_do or '{' or '('
...or @new, url: create_path html: { multipart: true } do |f| @...
...                          ^~~~~
/Users/mailan/Documents/Thp_s5/heroku_formulaire/app/views/users/new.html.erb:11: syntax error, unexpected keyword_do_block, expecting keyword_end
...th html: { multipart: true } do |f| @output_buffer.safe_appe...
...                             ^~
/Users/mailan/Documents/Thp_s5/heroku_formulaire/app/views/users/new.html.erb:18: syntax error, unexpected keyword_ensure, expecting end-of-input
          ensure
          ^~~~~~):
  
app/views/users/new.html.erb:11: syntax error, unexpected tLABEL, expecting keyword_do or '{' or '('
app/views/users/new.html.erb:11: syntax error, unexpected keyword_do_block, expecting keyword_end
app/views/users/new.html.erb:18: syntax error, unexpected keyword_ensure, expecting end-of-input
Started GET "/new" for 127.0.0.1 at 2018-07-31 15:18:28 +0200
Processing by UsersController#new as HTML
  Rendering users/new.html.erb within layouts/application
  Rendered users/new.html.erb within layouts/application (3.8ms)
Completed 500 Internal Server Error in 11ms (ActiveRecord: 0.0ms)


  
ActionView::Template::Error (undefined method `model_name' for nil:NilClass):
    10: <textarea name="bio" rows="8" cols="30" placeholder="bio"></textarea>
    11:   <input type="submit" value="Envoyer le formulaire">
    12: </form> -->
    13: <%= simple_form_for @new, url: create_path, html: { multipart: true } do |f| %>
    14:         <%= f.input :username, :label => 'Votre pseudo' %>
    15:         <%= f.input :email, :label => 'Votre email' %>
    16:         <%= f.input :bio, :label => 'Votre bio' %>
  
app/views/users/new.html.erb:13:in `_app_views_users_new_html_erb___2835137740079721443_70179173868720'
Started GET "/new" for 127.0.0.1 at 2018-07-31 15:30:04 +0200
  [1m[35m (0.1ms)[0m  [1m[34mSELECT "schema_migrations"."version" FROM "schema_migrations" ORDER BY "schema_migrations"."version" ASC[0m
  ↳ /Users/mailan/.rvm/gems/ruby-2.5.1/gems/activerecord-5.2.0/lib/active_record/log_subscriber.rb:98
Processing by UsersController#new as HTML
  Rendering users/new.html.erb within layouts/application
  Rendered users/new.html.erb within layouts/application (4.1ms)
Completed 500 Internal Server Error in 19ms (ActiveRecord: 0.0ms)


  
ActionView::Template::Error (undefined method `user' for nil:NilClass):
    13: <%= form_tag url_for(action: 'create'), method: "post" do %>
    14: 
    15:   <%= label_tag 'User' %>
    16:   <%= text_field_tag 'username', @post.user %>
    17:   <br /> <br />
    18:   
    19:   <%= label_tag 'Email' %>
  
app/views/users/new.html.erb:16:in `block in _app_views_users_new_html_erb__2334966332798257587_70153302556140'
app/views/users/new.html.erb:13:in `_app_views_users_new_html_erb__2334966332798257587_70153302556140'
Started GET "/" for 127.0.0.1 at 2018-07-31 15:31:27 +0200
Processing by StaticPagesController#home as HTML
  Rendering static_pages/home.html.erb within layouts/application
  Rendered static_pages/home.html.erb within layouts/application (0.5ms)
Completed 200 OK in 159ms (Views: 156.4ms | ActiveRecord: 0.0ms)


Started GET "/new" for 127.0.0.1 at 2018-07-31 15:31:29 +0200
Processing by UsersController#new as HTML
  Rendering users/new.html.erb within layouts/application
  Rendered users/new.html.erb within layouts/application (4.7ms)
Completed 500 Internal Server Error in 14ms (ActiveRecord: 0.0ms)


  
ActionView::Template::Error (undefined method `user' for nil:NilClass):
    13: <%= form_tag url_for(action: 'create'), method: "post" do %>
    14: 
    15:   <%= label_tag 'User' %>
    16:   <%= text_field_tag 'username', @post.user %>
    17:   <br /> <br />
    18:   
    19:   <%= label_tag 'Email' %>
  
app/views/users/new.html.erb:16:in `block in _app_views_users_new_html_erb__2334966332798257587_70153315533100'
app/views/users/new.html.erb:13:in `_app_views_users_new_html_erb__2334966332798257587_70153315533100'
Started GET "/new" for 127.0.0.1 at 2018-07-31 15:32:08 +0200
Processing by UsersController#new as HTML
  Rendering users/new.html.erb within layouts/application
  Rendered users/new.html.erb within layouts/application (2.9ms)
Completed 500 Internal Server Error in 10ms (ActiveRecord: 0.0ms)


  
ActionView::Template::Error (No route matches {:action=>"create_path", :controller=>"users"}):
    10: <textarea name="bio" rows="8" cols="30" placeholder="bio"></textarea>
    11:   <input type="submit" value="Envoyer le formulaire">
    12: </form> -->
    13: <%= form_tag url_for(action: 'create_path'), method: "post" do %>
    14: 
    15:   <%= label_tag 'User' %>
    16:   <%= text_field_tag 'username', @post.user %>
  
app/views/users/new.html.erb:13:in `_app_views_users_new_html_erb__2334966332798257587_70153351128900'
Started GET "/" for 127.0.0.1 at 2018-07-31 15:35:27 +0200
Processing by StaticPagesController#home as HTML
  Rendering static_pages/home.html.erb within layouts/application
  Rendered static_pages/home.html.erb within layouts/application (0.4ms)
Completed 200 OK in 26ms (Views: 23.8ms | ActiveRecord: 0.0ms)


Started GET "/new" for 127.0.0.1 at 2018-07-31 15:35:29 +0200
Processing by UsersController#new as HTML
  Rendering users/new.html.erb within layouts/application
  Rendered users/new.html.erb within layouts/application (1.5ms)
Completed 200 OK in 40ms (Views: 37.3ms | ActiveRecord: 0.0ms)


Started POST "/create" for 127.0.0.1 at 2018-07-31 15:35:50 +0200
Processing by UsersController#create as HTML
  Parameters: {"utf8"=>"✓", "authenticity_token"=>"NVIpIAZLYUnRbyzwdONR7Fu75Ccs8kg0tICym2M2fUM8/cgqHFT/qJ/Ewx3PLxuu8m5Ac6hcYcx3SMHwq+0PdA==", "username"=>"user", "Email"=>"use@email.com", "bio"=>"create bio", "commit"=>"Create Post"}
  [1m[35m (0.1ms)[0m  [1m[36mbegin transaction[0m
  ↳ app/controllers/users_controller.rb:11
  [1m[36mUser Create (0.5ms)[0m  [1m[32mINSERT INTO "users" ("bio", "created_at", "updated_at") VALUES (?, ?, ?)[0m  [["bio", "create bio"], ["created_at", "2018-07-31 13:35:50.389063"], ["updated_at", "2018-07-31 13:35:50.389063"]]
  ↳ app/controllers/users_controller.rb:11
  [1m[35m (0.8ms)[0m  [1m[36mcommit transaction[0m
  ↳ app/controllers/users_controller.rb:11
Redirected to http://localhost:3000/
Completed 302 Found in 28ms (ActiveRecord: 2.7ms)


Started GET "/" for 127.0.0.1 at 2018-07-31 15:35:50 +0200
Processing by StaticPagesController#home as HTML
  Rendering static_pages/home.html.erb within layouts/application
  Rendered static_pages/home.html.erb within layouts/application (1.7ms)
Completed 200 OK in 28ms (Views: 24.6ms | ActiveRecord: 0.0ms)


Started GET "/new" for 127.0.0.1 at 2018-07-31 15:36:32 +0200
Processing by UsersController#new as HTML
  Rendering users/new.html.erb within layouts/application
  Rendered users/new.html.erb within layouts/application (1.1ms)
Completed 200 OK in 25ms (Views: 23.3ms | ActiveRecord: 0.0ms)


Started POST "/create" for 127.0.0.1 at 2018-07-31 15:36:53 +0200
Processing by UsersController#create as HTML
  Parameters: {"utf8"=>"✓", "authenticity_token"=>"Ii2UIroM9Vo4R4Xd43Va45WJpAla7ymcIb7og99DBJgrgnUooBNru3bsajBYuRChPFwAXd5BAGTidpvoF5h2rw==", "user"=>"kipou", "email"=>"kpo@aze.fr", "bio"=>"biographie", "commit"=>"Create Post"}
  [1m[35m (0.1ms)[0m  [1m[36mbegin transaction[0m
  ↳ app/controllers/users_controller.rb:11
  [1m[36mUser Create (0.4ms)[0m  [1m[32mINSERT INTO "users" ("username", "email", "bio", "created_at", "updated_at") VALUES (?, ?, ?, ?, ?)[0m  [["username", "kipou"], ["email", "kpo@aze.fr"], ["bio", "biographie"], ["created_at", "2018-07-31 13:36:53.505578"], ["updated_at", "2018-07-31 13:36:53.505578"]]
  ↳ app/controllers/users_controller.rb:11
  [1m[35m (0.8ms)[0m  [1m[36mcommit transaction[0m
  ↳ app/controllers/users_controller.rb:11
Redirected to http://localhost:3000/
Completed 302 Found in 4ms (ActiveRecord: 1.3ms)


Started GET "/" for 127.0.0.1 at 2018-07-31 15:36:53 +0200
Processing by StaticPagesController#home as HTML
  Rendering static_pages/home.html.erb within layouts/application
  Rendered static_pages/home.html.erb within layouts/application (0.5ms)
Completed 200 OK in 21ms (Views: 18.9ms | ActiveRecord: 0.0ms)


Started GET "/" for 127.0.0.1 at 2018-07-31 15:41:03 +0200
Processing by StaticPagesController#home as HTML
  Rendering static_pages/home.html.erb within layouts/application
  Rendered static_pages/home.html.erb within layouts/application (0.7ms)
Completed 200 OK in 21ms (Views: 19.0ms | ActiveRecord: 0.0ms)


Started GET "/new" for 127.0.0.1 at 2018-07-31 15:41:06 +0200
Processing by UsersController#new as HTML
  Rendering users/new.html.erb within layouts/application
  Rendered users/new.html.erb within layouts/application (1.5ms)
Completed 200 OK in 25ms (Views: 21.9ms | ActiveRecord: 0.0ms)


Started GET "/" for 127.0.0.1 at 2018-07-31 16:00:04 +0200
Processing by StaticPagesController#home as HTML
  Rendering static_pages/home.html.erb within layouts/application
  Rendered static_pages/home.html.erb within layouts/application (0.4ms)
Completed 200 OK in 19ms (Views: 17.2ms | ActiveRecord: 0.0ms)


Started GET "/new" for 127.0.0.1 at 2018-07-31 16:00:08 +0200
Processing by UsersController#new as HTML
  Rendering users/new.html.erb within layouts/application
  Rendered users/new.html.erb within layouts/application (33.1ms)
Completed 200 OK in 61ms (Views: 58.2ms | ActiveRecord: 0.0ms)


Started POST "/new" for 127.0.0.1 at 2018-07-31 16:00:54 +0200
  
ActionController::RoutingError (No route matches [POST] "/new"):
  
actionpack (5.2.0) lib/action_dispatch/middleware/debug_exceptions.rb:65:in `call'
web-console (3.6.2) lib/web_console/middleware.rb:135:in `call_app'
web-console (3.6.2) lib/web_console/middleware.rb:30:in `block in call'
web-console (3.6.2) lib/web_console/middleware.rb:20:in `catch'
web-console (3.6.2) lib/web_console/middleware.rb:20:in `call'
actionpack (5.2.0) lib/action_dispatch/middleware/show_exceptions.rb:33:in `call'
railties (5.2.0) lib/rails/rack/logger.rb:38:in `call_app'
railties (5.2.0) lib/rails/rack/logger.rb:26:in `block in call'
activesupport (5.2.0) lib/active_support/tagged_logging.rb:71:in `block in tagged'
activesupport (5.2.0) lib/active_support/tagged_logging.rb:28:in `tagged'
activesupport (5.2.0) lib/active_support/tagged_logging.rb:71:in `tagged'
railties (5.2.0) lib/rails/rack/logger.rb:26:in `call'
sprockets-rails (3.2.1) lib/sprockets/rails/quiet_assets.rb:13:in `call'
actionpack (5.2.0) lib/action_dispatch/middleware/remote_ip.rb:81:in `call'
actionpack (5.2.0) lib/action_dispatch/middleware/request_id.rb:27:in `call'
rack (2.0.5) lib/rack/method_override.rb:22:in `call'
rack (2.0.5) lib/rack/runtime.rb:22:in `call'
activesupport (5.2.0) lib/active_support/cache/strategy/local_cache_middleware.rb:29:in `call'
actionpack (5.2.0) lib/action_dispatch/middleware/executor.rb:14:in `call'
actionpack (5.2.0) lib/action_dispatch/middleware/static.rb:127:in `call'
rack (2.0.5) lib/rack/sendfile.rb:111:in `call'
railties (5.2.0) lib/rails/engine.rb:524:in `call'
puma (3.12.0) lib/puma/configuration.rb:225:in `call'
puma (3.12.0) lib/puma/server.rb:658:in `handle_request'
puma (3.12.0) lib/puma/server.rb:472:in `process_client'
puma (3.12.0) lib/puma/server.rb:332:in `block in run'
puma (3.12.0) lib/puma/thread_pool.rb:133:in `block in spawn_thread'
Started GET "/new" for 127.0.0.1 at 2018-07-31 16:01:17 +0200
Processing by UsersController#new as HTML
  Rendering users/new.html.erb within layouts/application
  Rendered users/new.html.erb within layouts/application (1.7ms)
Completed 200 OK in 22ms (Views: 19.6ms | ActiveRecord: 0.0ms)


Started GET "/new" for 127.0.0.1 at 2018-07-31 16:03:12 +0200
Processing by UsersController#new as HTML
  Rendering users/new.html.erb within layouts/application
  Rendered users/new.html.erb within layouts/application (2.1ms)
Completed 200 OK in 23ms (Views: 20.1ms | ActiveRecord: 0.0ms)


Started GET "/" for 127.0.0.1 at 2018-07-31 16:03:18 +0200
Processing by StaticPagesController#home as HTML
  Rendering static_pages/home.html.erb within layouts/application
  Rendered static_pages/home.html.erb within layouts/application (0.4ms)
Completed 200 OK in 20ms (Views: 17.9ms | ActiveRecord: 0.0ms)


Started GET "/new" for 127.0.0.1 at 2018-07-31 16:03:19 +0200
Processing by UsersController#new as HTML
  Rendering users/new.html.erb within layouts/application
  Rendered users/new.html.erb within layouts/application (2.0ms)
Completed 200 OK in 24ms (Views: 21.9ms | ActiveRecord: 0.0ms)


Started GET "/" for 127.0.0.1 at 2018-07-31 16:03:30 +0200
Processing by StaticPagesController#home as HTML
  Rendering static_pages/home.html.erb within layouts/application
  Rendered static_pages/home.html.erb within layouts/application (0.5ms)
Completed 200 OK in 26ms (Views: 24.3ms | ActiveRecord: 0.0ms)


Started GET "/new" for 127.0.0.1 at 2018-07-31 16:03:31 +0200
Processing by UsersController#new as HTML
  Rendering users/new.html.erb within layouts/application
  Rendered users/new.html.erb within layouts/application (2.4ms)
Completed 200 OK in 26ms (Views: 23.8ms | ActiveRecord: 0.0ms)


Started POST "/new" for 127.0.0.1 at 2018-07-31 16:03:38 +0200
  
ActionController::RoutingError (No route matches [POST] "/new"):
  
actionpack (5.2.0) lib/action_dispatch/middleware/debug_exceptions.rb:65:in `call'
web-console (3.6.2) lib/web_console/middleware.rb:135:in `call_app'
web-console (3.6.2) lib/web_console/middleware.rb:30:in `block in call'
web-console (3.6.2) lib/web_console/middleware.rb:20:in `catch'
web-console (3.6.2) lib/web_console/middleware.rb:20:in `call'
actionpack (5.2.0) lib/action_dispatch/middleware/show_exceptions.rb:33:in `call'
railties (5.2.0) lib/rails/rack/logger.rb:38:in `call_app'
railties (5.2.0) lib/rails/rack/logger.rb:26:in `block in call'
activesupport (5.2.0) lib/active_support/tagged_logging.rb:71:in `block in tagged'
activesupport (5.2.0) lib/active_support/tagged_logging.rb:28:in `tagged'
activesupport (5.2.0) lib/active_support/tagged_logging.rb:71:in `tagged'
railties (5.2.0) lib/rails/rack/logger.rb:26:in `call'
sprockets-rails (3.2.1) lib/sprockets/rails/quiet_assets.rb:13:in `call'
actionpack (5.2.0) lib/action_dispatch/middleware/remote_ip.rb:81:in `call'
actionpack (5.2.0) lib/action_dispatch/middleware/request_id.rb:27:in `call'
rack (2.0.5) lib/rack/method_override.rb:22:in `call'
rack (2.0.5) lib/rack/runtime.rb:22:in `call'
activesupport (5.2.0) lib/active_support/cache/strategy/local_cache_middleware.rb:29:in `call'
actionpack (5.2.0) lib/action_dispatch/middleware/executor.rb:14:in `call'
actionpack (5.2.0) lib/action_dispatch/middleware/static.rb:127:in `call'
rack (2.0.5) lib/rack/sendfile.rb:111:in `call'
railties (5.2.0) lib/rails/engine.rb:524:in `call'
puma (3.12.0) lib/puma/configuration.rb:225:in `call'
puma (3.12.0) lib/puma/server.rb:658:in `handle_request'
puma (3.12.0) lib/puma/server.rb:472:in `process_client'
puma (3.12.0) lib/puma/server.rb:332:in `block in run'
puma (3.12.0) lib/puma/thread_pool.rb:133:in `block in spawn_thread'
Started POST "/new" for 127.0.0.1 at 2018-07-31 16:19:04 +0200
  
ActionController::RoutingError (No route matches [POST] "/new"):
  
actionpack (5.2.0) lib/action_dispatch/middleware/debug_exceptions.rb:65:in `call'
web-console (3.6.2) lib/web_console/middleware.rb:135:in `call_app'
web-console (3.6.2) lib/web_console/middleware.rb:30:in `block in call'
web-console (3.6.2) lib/web_console/middleware.rb:20:in `catch'
web-console (3.6.2) lib/web_console/middleware.rb:20:in `call'
actionpack (5.2.0) lib/action_dispatch/middleware/show_exceptions.rb:33:in `call'
railties (5.2.0) lib/rails/rack/logger.rb:38:in `call_app'
railties (5.2.0) lib/rails/rack/logger.rb:26:in `block in call'
activesupport (5.2.0) lib/active_support/tagged_logging.rb:71:in `block in tagged'
activesupport (5.2.0) lib/active_support/tagged_logging.rb:28:in `tagged'
activesupport (5.2.0) lib/active_support/tagged_logging.rb:71:in `tagged'
railties (5.2.0) lib/rails/rack/logger.rb:26:in `call'
sprockets-rails (3.2.1) lib/sprockets/rails/quiet_assets.rb:13:in `call'
actionpack (5.2.0) lib/action_dispatch/middleware/remote_ip.rb:81:in `call'
actionpack (5.2.0) lib/action_dispatch/middleware/request_id.rb:27:in `call'
rack (2.0.5) lib/rack/method_override.rb:22:in `call'
rack (2.0.5) lib/rack/runtime.rb:22:in `call'
activesupport (5.2.0) lib/active_support/cache/strategy/local_cache_middleware.rb:29:in `call'
actionpack (5.2.0) lib/action_dispatch/middleware/executor.rb:14:in `call'
actionpack (5.2.0) lib/action_dispatch/middleware/static.rb:127:in `call'
rack (2.0.5) lib/rack/sendfile.rb:111:in `call'
railties (5.2.0) lib/rails/engine.rb:524:in `call'
puma (3.12.0) lib/puma/configuration.rb:225:in `call'
puma (3.12.0) lib/puma/server.rb:658:in `handle_request'
puma (3.12.0) lib/puma/server.rb:472:in `process_client'
puma (3.12.0) lib/puma/server.rb:332:in `block in run'
puma (3.12.0) lib/puma/thread_pool.rb:133:in `block in spawn_thread'
Started POST "/new" for 127.0.0.1 at 2018-07-31 16:21:32 +0200
  
ActionController::RoutingError (No route matches [POST] "/new"):
  
actionpack (5.2.0) lib/action_dispatch/middleware/debug_exceptions.rb:65:in `call'
web-console (3.6.2) lib/web_console/middleware.rb:135:in `call_app'
web-console (3.6.2) lib/web_console/middleware.rb:30:in `block in call'
web-console (3.6.2) lib/web_console/middleware.rb:20:in `catch'
web-console (3.6.2) lib/web_console/middleware.rb:20:in `call'
actionpack (5.2.0) lib/action_dispatch/middleware/show_exceptions.rb:33:in `call'
railties (5.2.0) lib/rails/rack/logger.rb:38:in `call_app'
railties (5.2.0) lib/rails/rack/logger.rb:26:in `block in call'
activesupport (5.2.0) lib/active_support/tagged_logging.rb:71:in `block in tagged'
activesupport (5.2.0) lib/active_support/tagged_logging.rb:28:in `tagged'
activesupport (5.2.0) lib/active_support/tagged_logging.rb:71:in `tagged'
railties (5.2.0) lib/rails/rack/logger.rb:26:in `call'
sprockets-rails (3.2.1) lib/sprockets/rails/quiet_assets.rb:13:in `call'
actionpack (5.2.0) lib/action_dispatch/middleware/remote_ip.rb:81:in `call'
actionpack (5.2.0) lib/action_dispatch/middleware/request_id.rb:27:in `call'
rack (2.0.5) lib/rack/method_override.rb:22:in `call'
rack (2.0.5) lib/rack/runtime.rb:22:in `call'
activesupport (5.2.0) lib/active_support/cache/strategy/local_cache_middleware.rb:29:in `call'
actionpack (5.2.0) lib/action_dispatch/middleware/executor.rb:14:in `call'
actionpack (5.2.0) lib/action_dispatch/middleware/static.rb:127:in `call'
rack (2.0.5) lib/rack/sendfile.rb:111:in `call'
railties (5.2.0) lib/rails/engine.rb:524:in `call'
puma (3.12.0) lib/puma/configuration.rb:225:in `call'
puma (3.12.0) lib/puma/server.rb:658:in `handle_request'
puma (3.12.0) lib/puma/server.rb:472:in `process_client'
puma (3.12.0) lib/puma/server.rb:332:in `block in run'
puma (3.12.0) lib/puma/thread_pool.rb:133:in `block in spawn_thread'
Started POST "/new" for 127.0.0.1 at 2018-07-31 16:24:08 +0200
  
ActionController::RoutingError (No route matches [POST] "/new"):
  
actionpack (5.2.0) lib/action_dispatch/middleware/debug_exceptions.rb:65:in `call'
web-console (3.6.2) lib/web_console/middleware.rb:135:in `call_app'
web-console (3.6.2) lib/web_console/middleware.rb:30:in `block in call'
web-console (3.6.2) lib/web_console/middleware.rb:20:in `catch'
web-console (3.6.2) lib/web_console/middleware.rb:20:in `call'
actionpack (5.2.0) lib/action_dispatch/middleware/show_exceptions.rb:33:in `call'
railties (5.2.0) lib/rails/rack/logger.rb:38:in `call_app'
railties (5.2.0) lib/rails/rack/logger.rb:26:in `block in call'
activesupport (5.2.0) lib/active_support/tagged_logging.rb:71:in `block in tagged'
activesupport (5.2.0) lib/active_support/tagged_logging.rb:28:in `tagged'
activesupport (5.2.0) lib/active_support/tagged_logging.rb:71:in `tagged'
railties (5.2.0) lib/rails/rack/logger.rb:26:in `call'
sprockets-rails (3.2.1) lib/sprockets/rails/quiet_assets.rb:13:in `call'
actionpack (5.2.0) lib/action_dispatch/middleware/remote_ip.rb:81:in `call'
actionpack (5.2.0) lib/action_dispatch/middleware/request_id.rb:27:in `call'
rack (2.0.5) lib/rack/method_override.rb:22:in `call'
rack (2.0.5) lib/rack/runtime.rb:22:in `call'
activesupport (5.2.0) lib/active_support/cache/strategy/local_cache_middleware.rb:29:in `call'
actionpack (5.2.0) lib/action_dispatch/middleware/executor.rb:14:in `call'
actionpack (5.2.0) lib/action_dispatch/middleware/static.rb:127:in `call'
rack (2.0.5) lib/rack/sendfile.rb:111:in `call'
railties (5.2.0) lib/rails/engine.rb:524:in `call'
puma (3.12.0) lib/puma/configuration.rb:225:in `call'
puma (3.12.0) lib/puma/server.rb:658:in `handle_request'
puma (3.12.0) lib/puma/server.rb:472:in `process_client'
puma (3.12.0) lib/puma/server.rb:332:in `block in run'
puma (3.12.0) lib/puma/thread_pool.rb:133:in `block in spawn_thread'
Started GET "/new" for 127.0.0.1 at 2018-07-31 16:24:50 +0200
Processing by UsersController#new as HTML
  Rendering users/new.html.erb within layouts/application
  Rendered users/new.html.erb within layouts/application (204.1ms)
Completed 500 Internal Server Error in 218ms (ActiveRecord: 0.6ms)


  
ActionView::Template::Error (undefined local variable or method `create_path' for #<#<Class:0x00007f9bb39648e8>:0x00007f9bb395eee8>):
    3: <h1>Users#new</h1>
    4: <p>Find me in app/views/users/new.html.erb</p>
    5: <!--
    6: <form action="<%= create_path %>"method="POST">
    7: <input type="hidden" name="authenticity_token" value="<%= form_authenticity_token %>">
    8: <input type="text" name="user" placeholder="username">
    9: <input type="email" name="email" placeholder="email">
  
app/views/users/new.html.erb:6:in `_app_views_users_new_html_erb__2334966332798257587_70153354815620'
Started GET "/new" for 127.0.0.1 at 2018-07-31 16:25:49 +0200
Processing by UsersController#new as HTML
  Rendering users/new.html.erb within layouts/application
  Rendered users/new.html.erb within layouts/application (257.3ms)
Completed 500 Internal Server Error in 265ms (ActiveRecord: 0.0ms)


  
ActionView::Template::Error (undefined local variable or method `create_path' for #<#<Class:0x00007f9bb39648e8>:0x00007f9bb3128e40>):
    3: <h1>Users#new</h1>
    4: <p>Find me in app/views/users/new.html.erb</p>
    5: <!--
    6: <form action="<%= create_path %>"method="POST">
    7: <input type="hidden" name="authenticity_token" value="<%= form_authenticity_token %>">
    8: <input type="text" name="user" placeholder="username">
    9: <input type="email" name="email" placeholder="email">
  
app/views/users/new.html.erb:6:in `_app_views_users_new_html_erb__2334966332798257587_70153350499260'
Started GET "/new" for 127.0.0.1 at 2018-07-31 16:26:19 +0200
Processing by UsersController#new as HTML
  Rendering users/new.html.erb within layouts/application
  Rendered users/new.html.erb within layouts/application (202.3ms)
Completed 500 Internal Server Error in 209ms (ActiveRecord: 0.0ms)


  
ActionView::Template::Error (undefined local variable or method `create_path' for #<#<Class:0x00007f9baba5ca00>:0x00007f9baba59e40>):
    3: <h1>Users#new</h1>
    4: <p>Find me in app/views/users/new.html.erb</p>
    5: <!--
    6: <form action="<%= create_path %>"method="POST">
    7: <input type="hidden" name="authenticity_token" value="<%= form_authenticity_token %>">
    8: <input type="text" name="user" placeholder="username">
    9: <input type="email" name="email" placeholder="email">
  
app/views/users/new.html.erb:6:in `_app_views_users_new_html_erb__2334966332798257587_70153288215680'
Started GET "/new" for 127.0.0.1 at 2018-07-31 16:27:16 +0200
Processing by UsersController#new as HTML
  Rendering users/new.html.erb within layouts/application
  Rendered users/new.html.erb within layouts/application (2.8ms)
Completed 200 OK in 31ms (Views: 28.6ms | ActiveRecord: 0.0ms)


Started POST "/new" for 127.0.0.1 at 2018-07-31 16:27:29 +0200
  
ActionController::RoutingError (No route matches [POST] "/new"):
  
actionpack (5.2.0) lib/action_dispatch/middleware/debug_exceptions.rb:65:in `call'
web-console (3.6.2) lib/web_console/middleware.rb:135:in `call_app'
web-console (3.6.2) lib/web_console/middleware.rb:30:in `block in call'
web-console (3.6.2) lib/web_console/middleware.rb:20:in `catch'
web-console (3.6.2) lib/web_console/middleware.rb:20:in `call'
actionpack (5.2.0) lib/action_dispatch/middleware/show_exceptions.rb:33:in `call'
railties (5.2.0) lib/rails/rack/logger.rb:38:in `call_app'
railties (5.2.0) lib/rails/rack/logger.rb:26:in `block in call'
activesupport (5.2.0) lib/active_support/tagged_logging.rb:71:in `block in tagged'
activesupport (5.2.0) lib/active_support/tagged_logging.rb:28:in `tagged'
activesupport (5.2.0) lib/active_support/tagged_logging.rb:71:in `tagged'
railties (5.2.0) lib/rails/rack/logger.rb:26:in `call'
sprockets-rails (3.2.1) lib/sprockets/rails/quiet_assets.rb:13:in `call'
actionpack (5.2.0) lib/action_dispatch/middleware/remote_ip.rb:81:in `call'
actionpack (5.2.0) lib/action_dispatch/middleware/request_id.rb:27:in `call'
rack (2.0.5) lib/rack/method_override.rb:22:in `call'
rack (2.0.5) lib/rack/runtime.rb:22:in `call'
activesupport (5.2.0) lib/active_support/cache/strategy/local_cache_middleware.rb:29:in `call'
actionpack (5.2.0) lib/action_dispatch/middleware/executor.rb:14:in `call'
actionpack (5.2.0) lib/action_dispatch/middleware/static.rb:127:in `call'
rack (2.0.5) lib/rack/sendfile.rb:111:in `call'
railties (5.2.0) lib/rails/engine.rb:524:in `call'
puma (3.12.0) lib/puma/configuration.rb:225:in `call'
puma (3.12.0) lib/puma/server.rb:658:in `handle_request'
puma (3.12.0) lib/puma/server.rb:472:in `process_client'
puma (3.12.0) lib/puma/server.rb:332:in `block in run'
puma (3.12.0) lib/puma/thread_pool.rb:133:in `block in spawn_thread'
Started POST "/new" for 127.0.0.1 at 2018-07-31 16:27:50 +0200
Processing by UsersController#create as HTML
  Parameters: {"utf8"=>"✓", "authenticity_token"=>"jVPCp5F0F2rsB9gSLJ3+F5lYMHr0BY7u+KCJrX1+wga7Z00Mu4UTy9+pS2KGaUiOunOe3q/YUD0kMmoZx5jnog==", "user"=>{"username"=>"violet", "email"=>"mailan.peng@gmail.com", "bio"=>"olive"}, "commit"=>"Save User"}
Completed 500 Internal Server Error in 135ms (ActiveRecord: 0.5ms)


  
NameError (undefined local variable or method `a' for #<UsersController:0x00007f9bb0013cd8>):
  
app/controllers/users_controller.rb:13:in `create'
Started POST "/new" for 127.0.0.1 at 2018-07-31 16:28:36 +0200
Processing by UsersController#create as HTML
  Parameters: {"utf8"=>"✓", "authenticity_token"=>"jVPCp5F0F2rsB9gSLJ3+F5lYMHr0BY7u+KCJrX1+wga7Z00Mu4UTy9+pS2KGaUiOunOe3q/YUD0kMmoZx5jnog==", "user"=>{"username"=>"violet", "email"=>"mailan.peng@gmail.com", "bio"=>"olive"}, "commit"=>"Save User"}
  [1m[35m (0.0ms)[0m  [1m[36mbegin transaction[0m
  ↳ app/controllers/users_controller.rb:12
  [1m[36mUser Create (0.4ms)[0m  [1m[32mINSERT INTO "users" ("created_at", "updated_at") VALUES (?, ?)[0m  [["created_at", "2018-07-31 14:28:36.689691"], ["updated_at", "2018-07-31 14:28:36.689691"]]
  ↳ app/controllers/users_controller.rb:12
  [1m[35m (1.0ms)[0m  [1m[36mcommit transaction[0m
  ↳ app/controllers/users_controller.rb:12
Redirected to http://localhost:3000/
Completed 302 Found in 9ms (ActiveRecord: 2.0ms)


Started GET "/" for 127.0.0.1 at 2018-07-31 16:28:36 +0200
Processing by StaticPagesController#home as HTML
  Rendering static_pages/home.html.erb within layouts/application
  Rendered static_pages/home.html.erb within layouts/application (0.5ms)
Completed 200 OK in 27ms (Views: 24.2ms | ActiveRecord: 0.0ms)


Started GET "/" for 127.0.0.1 at 2018-07-31 16:29:09 +0200
Processing by StaticPagesController#home as HTML
  Rendering static_pages/home.html.erb within layouts/application
  Rendered static_pages/home.html.erb within layouts/application (0.4ms)
Completed 200 OK in 21ms (Views: 18.6ms | ActiveRecord: 0.0ms)


Started GET "/" for 127.0.0.1 at 2018-07-31 16:29:22 +0200
Processing by StaticPagesController#home as HTML
  Rendering static_pages/home.html.erb within layouts/application
  Rendered static_pages/home.html.erb within layouts/application (0.5ms)
Completed 200 OK in 23ms (Views: 20.5ms | ActiveRecord: 0.0ms)


Started GET "/" for 127.0.0.1 at 2018-07-31 16:30:50 +0200
  [1m[35m (0.1ms)[0m  [1m[34mSELECT "schema_migrations"."version" FROM "schema_migrations" ORDER BY "schema_migrations"."version" ASC[0m
  ↳ /Users/mailan/.rvm/gems/ruby-2.5.1/gems/activerecord-5.2.0/lib/active_record/log_subscriber.rb:98
Processing by StaticPagesController#home as HTML
  Rendering static_pages/home.html.erb within layouts/application
  Rendered static_pages/home.html.erb within layouts/application (1.2ms)
Completed 200 OK in 217ms (Views: 207.7ms | ActiveRecord: 0.0ms)


Started GET "/new" for 127.0.0.1 at 2018-07-31 16:30:52 +0200
Processing by UsersController#new as HTML
  Rendering users/new.html.erb within layouts/application
  Rendered users/new.html.erb within layouts/application (4.8ms)
Completed 200 OK in 26ms (Views: 23.2ms | ActiveRecord: 0.0ms)


Started POST "/new" for 127.0.0.1 at 2018-07-31 16:30:58 +0200
Processing by UsersController#create as HTML
  Parameters: {"utf8"=>"✓", "authenticity_token"=>"Sk4cUcH8wsgXsC44tK/rpb9BKm2YlLviCp+Rv1Rha0CP0Cl8ec365RS94fwhnPvXmS/xD9vW6wD5xvNiifUcaQ==", "user"=>{"username"=>"violet", "email"=>"mailan.peng@gmail.com", "bio"=>"viva"}, "commit"=>"Save User"}
  [1m[35m (0.1ms)[0m  [1m[36mbegin transaction[0m
  ↳ app/controllers/users_controller.rb:12
  [1m[36mUser Create (0.4ms)[0m  [1m[32mINSERT INTO "users" ("created_at", "updated_at") VALUES (?, ?)[0m  [["created_at", "2018-07-31 14:30:58.256504"], ["updated_at", "2018-07-31 14:30:58.256504"]]
  ↳ app/controllers/users_controller.rb:12
  [1m[35m (0.7ms)[0m  [1m[36mcommit transaction[0m
  ↳ app/controllers/users_controller.rb:12
Redirected to http://localhost:3000/
Completed 302 Found in 11ms (ActiveRecord: 1.8ms)


Started GET "/" for 127.0.0.1 at 2018-07-31 16:30:58 +0200
Processing by StaticPagesController#home as HTML
  Rendering static_pages/home.html.erb within layouts/application
  Rendered static_pages/home.html.erb within layouts/application (0.4ms)
Completed 200 OK in 19ms (Views: 16.8ms | ActiveRecord: 0.0ms)


  [1m[36mUser Load (0.2ms)[0m  [1m[34mSELECT  "users".* FROM "users" ORDER BY "users"."id" DESC LIMIT ?[0m  [["LIMIT", 1]]
Started GET "/" for 127.0.0.1 at 2018-07-31 16:31:43 +0200
  [1m[35m (0.1ms)[0m  [1m[34mSELECT "schema_migrations"."version" FROM "schema_migrations" ORDER BY "schema_migrations"."version" ASC[0m
  ↳ /Users/mailan/.rvm/gems/ruby-2.5.1/gems/activerecord-5.2.0/lib/active_record/log_subscriber.rb:98
Processing by StaticPagesController#home as HTML
  Rendering static_pages/home.html.erb within layouts/application
  Rendered static_pages/home.html.erb within layouts/application (0.8ms)
Completed 200 OK in 212ms (Views: 202.2ms | ActiveRecord: 0.0ms)


Started GET "/new" for 127.0.0.1 at 2018-07-31 16:31:45 +0200
Processing by UsersController#new as HTML
  Rendering users/new.html.erb within layouts/application
  Rendered users/new.html.erb within layouts/application (5.6ms)
Completed 200 OK in 27ms (Views: 24.4ms | ActiveRecord: 0.0ms)


Started POST "/new" for 127.0.0.1 at 2018-07-31 16:31:53 +0200
Processing by UsersController#create as HTML
  Parameters: {"utf8"=>"✓", "authenticity_token"=>"rUggST894w7hFSV5GQz3Xi9RYtv+ewP8zeEKITdnxf1o1hVkhwzbI+IY6r2MP+csCT+5ub05Ux4+uGj86vOy1A==", "user"=>{"username"=>"tototo", "email"=>"mailan.peng@gmail.com", "bio"=>"hgjhgnhgh"}, "commit"=>"Save User"}
  [1m[35m (0.0ms)[0m  [1m[36mbegin transaction[0m
  ↳ app/controllers/users_controller.rb:12
  [1m[36mUser Create (0.4ms)[0m  [1m[32mINSERT INTO "users" ("created_at", "updated_at") VALUES (?, ?)[0m  [["created_at", "2018-07-31 14:31:53.502989"], ["updated_at", "2018-07-31 14:31:53.502989"]]
  ↳ app/controllers/users_controller.rb:12
  [1m[35m (0.8ms)[0m  [1m[36mcommit transaction[0m
  ↳ app/controllers/users_controller.rb:12
Redirected to http://localhost:3000/
Completed 302 Found in 10ms (ActiveRecord: 1.8ms)


Started GET "/" for 127.0.0.1 at 2018-07-31 16:31:53 +0200
Processing by StaticPagesController#home as HTML
  Rendering static_pages/home.html.erb within layouts/application
  Rendered static_pages/home.html.erb within layouts/application (0.4ms)
Completed 200 OK in 21ms (Views: 18.7ms | ActiveRecord: 0.0ms)


Started GET "/new" for 127.0.0.1 at 2018-07-31 16:33:31 +0200
Processing by UsersController#new as HTML
  Rendering users/new.html.erb within layouts/application
  Rendered users/new.html.erb within layouts/application (1.9ms)
Completed 200 OK in 22ms (Views: 19.8ms | ActiveRecord: 0.0ms)


Started POST "/new" for 127.0.0.1 at 2018-07-31 16:33:53 +0200
Processing by UsersController#create as HTML
  Parameters: {"utf8"=>"✓", "authenticity_token"=>"C2wdfV35UIaj68hVGt3s8WaE3v8Xls+o5Ub4vn+z1cTO8ihQ5choq6DmB5GP7vyDQOoFnVTUn0oWH5pjoiei7Q==", "user"=>{"username"=>"stef", "email"=>"mailan.peng@gmail.com", "bio"=>"jhkjzhkjhfjkz"}, "commit"=>"Save User"}
  [1m[35m (0.0ms)[0m  [1m[36mbegin transaction[0m
  ↳ app/controllers/users_controller.rb:15
  [1m[36mUser Create (0.3ms)[0m  [1m[32mINSERT INTO "users" ("created_at", "updated_at") VALUES (?, ?)[0m  [["created_at", "2018-07-31 14:33:53.714368"], ["updated_at", "2018-07-31 14:33:53.714368"]]
  ↳ app/controllers/users_controller.rb:15
  [1m[35m (0.7ms)[0m  [1m[36mcommit transaction[0m
  ↳ app/controllers/users_controller.rb:15
Redirected to http://localhost:3000/
Completed 302 Found in 11ms (ActiveRecord: 1.7ms)


Started GET "/" for 127.0.0.1 at 2018-07-31 16:33:53 +0200
Processing by StaticPagesController#home as HTML
  Rendering static_pages/home.html.erb within layouts/application
  Rendered static_pages/home.html.erb within layouts/application (0.4ms)
Completed 200 OK in 22ms (Views: 19.3ms | ActiveRecord: 0.0ms)


Started GET "/" for 127.0.0.1 at 2018-07-31 16:43:10 +0200
Processing by StaticPagesController#home as HTML
  Rendering static_pages/home.html.erb within layouts/application
  Rendered static_pages/home.html.erb within layouts/application (0.4ms)
Completed 200 OK in 21ms (Views: 19.1ms | ActiveRecord: 0.0ms)


Started GET "/new" for 127.0.0.1 at 2018-07-31 16:43:11 +0200
Processing by UsersController#new as HTML
  Rendering users/new.html.erb within layouts/application
  Rendered users/new.html.erb within layouts/application (1.8ms)
Completed 200 OK in 23ms (Views: 20.3ms | ActiveRecord: 0.0ms)


Started POST "/new" for 127.0.0.1 at 2018-07-31 16:43:21 +0200
Processing by UsersController#create as HTML
  Parameters: {"utf8"=>"✓", "authenticity_token"=>"sYatZIksJR0JoEoQ6tySFsvaN2sCIPiFh0S+RuGF/7N0GJhJMR0dMAqthdR/74Jk7bTsCUFiqGd0HdybPBGImg==", "user"=>{"username"=>"tototo", "email"=>"mailan.peng@gmail.com", "bio"=>"BIBERO"}, "commit"=>"Save User"}
  [1m[35m (0.1ms)[0m  [1m[36mbegin transaction[0m
  ↳ app/controllers/users_controller.rb:15
  [1m[36mUser Create (0.4ms)[0m  [1m[32mINSERT INTO "users" ("created_at", "updated_at") VALUES (?, ?)[0m  [["created_at", "2018-07-31 14:43:21.483440"], ["updated_at", "2018-07-31 14:43:21.483440"]]
  ↳ app/controllers/users_controller.rb:15
  [1m[35m (1.2ms)[0m  [1m[36mcommit transaction[0m
  ↳ app/controllers/users_controller.rb:15
Redirected to http://localhost:3000/
Completed 302 Found in 4ms (ActiveRecord: 1.6ms)


Started GET "/" for 127.0.0.1 at 2018-07-31 16:43:21 +0200
Processing by StaticPagesController#home as HTML
  Rendering static_pages/home.html.erb within layouts/application
  Rendered static_pages/home.html.erb within layouts/application (0.5ms)
Completed 200 OK in 20ms (Views: 18.5ms | ActiveRecord: 0.0ms)


Started GET "/new" for 127.0.0.1 at 2018-07-31 16:44:59 +0200
Processing by UsersController#new as HTML
  Rendering users/new.html.erb within layouts/application
  Rendered users/new.html.erb within layouts/application (2.0ms)
Completed 200 OK in 24ms (Views: 21.8ms | ActiveRecord: 0.0ms)


Started POST "/new" for 127.0.0.1 at 2018-07-31 16:45:05 +0200
Processing by UsersController#create as HTML
  Parameters: {"utf8"=>"✓", "authenticity_token"=>"AP5qP1RgUBGitFqN2F+aedwhLooRS6wW1xMUi3udCYDFYF8S7FFoPKG5lUlNbIoL+k/16FIJ/PQkSnZWpgl+qQ==", "create"=>{"username"=>"vghvg", "email"=>",nbj,bbjbj", "bio"=>"vhvhjvhjv"}, "commit"=>"Save Create"}
  [1m[35m (0.1ms)[0m  [1m[36mbegin transaction[0m
  ↳ app/controllers/users_controller.rb:15
  [1m[36mUser Create (0.4ms)[0m  [1m[32mINSERT INTO "users" ("created_at", "updated_at") VALUES (?, ?)[0m  [["created_at", "2018-07-31 14:45:05.788046"], ["updated_at", "2018-07-31 14:45:05.788046"]]
  ↳ app/controllers/users_controller.rb:15
  [1m[35m (0.7ms)[0m  [1m[36mcommit transaction[0m
  ↳ app/controllers/users_controller.rb:15
Redirected to http://localhost:3000/
Completed 302 Found in 4ms (ActiveRecord: 1.2ms)


Started GET "/" for 127.0.0.1 at 2018-07-31 16:45:05 +0200
Processing by StaticPagesController#home as HTML
  Rendering static_pages/home.html.erb within layouts/application
  Rendered static_pages/home.html.erb within layouts/application (0.5ms)
Completed 200 OK in 21ms (Views: 19.5ms | ActiveRecord: 0.0ms)


Started GET "/new" for 127.0.0.1 at 2018-07-31 16:46:37 +0200
Processing by UsersController#new as HTML
  Rendering users/new.html.erb within layouts/application
  Rendered users/new.html.erb within layouts/application (1.7ms)
Completed 200 OK in 22ms (Views: 18.7ms | ActiveRecord: 0.0ms)


Started POST "/new" for 127.0.0.1 at 2018-07-31 16:46:43 +0200
Processing by UsersController#create as HTML
  Parameters: {"utf8"=>"✓", "authenticity_token"=>"1C62Lx/QgsSfKfoOCo6Mqt6tJqTVFdIeDf1CC6pntWgRsIMCp+G66ZwkNcqfvZzY+MP9xpZXgvz+pCDWd/PCQQ==", "user"=>{"username"=>"vvhjvjv", "email"=>"mailan.peng@gmail.com", "bio"=>"bvhjvjkbhbh"}, "commit"=>"Save User"}
  [1m[35m (0.0ms)[0m  [1m[36mbegin transaction[0m
  ↳ app/controllers/users_controller.rb:15
  [1m[36mUser Create (0.3ms)[0m  [1m[32mINSERT INTO "users" ("created_at", "updated_at") VALUES (?, ?)[0m  [["created_at", "2018-07-31 14:46:43.475740"], ["updated_at", "2018-07-31 14:46:43.475740"]]
  ↳ app/controllers/users_controller.rb:15
  [1m[35m (0.7ms)[0m  [1m[36mcommit transaction[0m
  ↳ app/controllers/users_controller.rb:15
Redirected to http://localhost:3000/
Completed 302 Found in 10ms (ActiveRecord: 1.8ms)


Started GET "/" for 127.0.0.1 at 2018-07-31 16:46:43 +0200
Processing by StaticPagesController#home as HTML
  Rendering static_pages/home.html.erb within layouts/application
  Rendered static_pages/home.html.erb within layouts/application (0.4ms)
Completed 200 OK in 23ms (Views: 20.8ms | ActiveRecord: 0.0ms)


Started GET "/" for 127.0.0.1 at 2018-07-31 16:49:53 +0200
Processing by StaticPagesController#home as HTML
  Rendering static_pages/home.html.erb within layouts/application
  Rendered static_pages/home.html.erb within layouts/application (0.5ms)
Completed 200 OK in 21ms (Views: 18.5ms | ActiveRecord: 0.0ms)


Started GET "/new" for 127.0.0.1 at 2018-07-31 16:49:55 +0200
Processing by UsersController#new as HTML
  Rendering users/new.html.erb within layouts/application
  Rendered users/new.html.erb within layouts/application (6.9ms)
Completed 200 OK in 28ms (Views: 25.0ms | ActiveRecord: 0.0ms)


Started POST "/new" for 127.0.0.1 at 2018-07-31 16:50:08 +0200
Processing by UsersController#create as HTML
  Parameters: {"utf8"=>"✓", "authenticity_token"=>"6MEfa0FTqHZ2uTXO48Vigw/fH+iV8sSnUIussOP/qvctXypG+WKQW3W0+gp29nLxKbHEitawlEWj0s5tPmvd3g==", "user"=>{"username"=>"q^pvcmlv", "email"=>"fgg@galg.df", "bio"=>"gdfùvml"}, "commit"=>"Save User"}
  [1m[35m (0.0ms)[0m  [1m[36mbegin transaction[0m
  ↳ app/controllers/users_controller.rb:15
  [1m[36mUser Create (0.4ms)[0m  [1m[32mINSERT INTO "users" ("username", "email", "bio", "created_at", "updated_at") VALUES (?, ?, ?, ?, ?)[0m  [["username", "q^pvcmlv"], ["email", "fgg@galg.df"], ["bio", "gdfùvml"], ["created_at", "2018-07-31 14:50:08.230670"], ["updated_at", "2018-07-31 14:50:08.230670"]]
  ↳ app/controllers/users_controller.rb:15
  [1m[35m (0.7ms)[0m  [1m[36mcommit transaction[0m
  ↳ app/controllers/users_controller.rb:15
Redirected to http://localhost:3000/
Completed 302 Found in 11ms (ActiveRecord: 2.0ms)


Started GET "/" for 127.0.0.1 at 2018-07-31 16:50:08 +0200
Processing by StaticPagesController#home as HTML
  Rendering static_pages/home.html.erb within layouts/application
  Rendered static_pages/home.html.erb within layouts/application (0.5ms)
Completed 200 OK in 20ms (Views: 17.9ms | ActiveRecord: 0.0ms)


Started GET "/" for 127.0.0.1 at 2018-07-31 16:51:14 +0200
Processing by StaticPagesController#home as HTML
  Rendering static_pages/home.html.erb within layouts/application
  Rendered static_pages/home.html.erb within layouts/application (0.6ms)
Completed 200 OK in 24ms (Views: 20.4ms | ActiveRecord: 0.0ms)


Started GET "/new" for 127.0.0.1 at 2018-07-31 16:51:16 +0200
Processing by UsersController#new as HTML
  Rendering users/new.html.erb within layouts/application
  Rendered users/new.html.erb within layouts/application (2.7ms)
Completed 200 OK in 28ms (Views: 26.2ms | ActiveRecord: 0.0ms)


Started POST "/new" for 127.0.0.1 at 2018-07-31 16:51:27 +0200
Processing by UsersController#create as HTML
  Parameters: {"utf8"=>"✓", "authenticity_token"=>"/q0S3ksRCvRtWSXb5FIlj3xQ/CmHe8YtSz4Zpdjkjlc7Myfz8yAy2W5U6h9xYTX9Wj4nS8Q5ls+4Z3t4BXD5fg==", "user"=>{"username"=>"leoni", "email"=>"azerty@email.com", "bio"=>"poiu"}, "commit"=>"Save User"}
  [1m[35m (0.0ms)[0m  [1m[36mbegin transaction[0m
  ↳ app/controllers/users_controller.rb:15
  [1m[36mUser Create (0.3ms)[0m  [1m[32mINSERT INTO "users" ("username", "email", "bio", "created_at", "updated_at") VALUES (?, ?, ?, ?, ?)[0m  [["username", "leoni"], ["email", "azerty@email.com"], ["bio", "poiu"], ["created_at", "2018-07-31 14:51:27.376416"], ["updated_at", "2018-07-31 14:51:27.376416"]]
  ↳ app/controllers/users_controller.rb:15
  [1m[35m (0.8ms)[0m  [1m[36mcommit transaction[0m
  ↳ app/controllers/users_controller.rb:15
Redirected to http://localhost:3000/
Completed 302 Found in 9ms (ActiveRecord: 1.8ms)


Started GET "/" for 127.0.0.1 at 2018-07-31 16:51:27 +0200
Processing by StaticPagesController#home as HTML
  Rendering static_pages/home.html.erb within layouts/application
  Rendered static_pages/home.html.erb within layouts/application (0.5ms)
Completed 200 OK in 21ms (Views: 19.2ms | ActiveRecord: 0.0ms)


  [1m[35m (0.1ms)[0m  [1m[34mSELECT "schema_migrations"."version" FROM "schema_migrations" ORDER BY "schema_migrations"."version" ASC[0m
  ↳ bin/rails:9
  [1m[36mActiveRecord::InternalMetadata Load (0.1ms)[0m  [1m[34mSELECT  "ar_internal_metadata".* FROM "ar_internal_metadata" WHERE "ar_internal_metadata"."key" = ? LIMIT ?[0m  [["key", "environment"], ["LIMIT", 1]]
  ↳ bin/rails:9
  [1m[35m (0.1ms)[0m  [1m[36mbegin transaction[0m
  ↳ bin/rails:9
  [1m[35m (0.0ms)[0m  [1m[36mcommit transaction[0m
  ↳ bin/rails:9
  [1m[35m (0.1ms)[0m  [1m[34mSELECT "schema_migrations"."version" FROM "schema_migrations" ORDER BY "schema_migrations"."version" ASC[0m
  ↳ bin/rails:9
Started GET "/" for 127.0.0.1 at 2018-07-31 18:38:56 +0200
  [1m[35m (0.1ms)[0m  [1m[34mSELECT "schema_migrations"."version" FROM "schema_migrations" ORDER BY "schema_migrations"."version" ASC[0m
  ↳ /Users/mailan/.rvm/gems/ruby-2.5.1/gems/activerecord-5.2.0/lib/active_record/log_subscriber.rb:98
Processing by StaticPagesController#home as HTML
  Rendering static_pages/home.html.erb within layouts/application
  Rendered static_pages/home.html.erb within layouts/application (0.8ms)
Completed 200 OK in 204ms (Views: 193.9ms | ActiveRecord: 0.0ms)


Started GET "/new" for 127.0.0.1 at 2018-07-31 18:38:58 +0200
Processing by UsersController#new as HTML
  Rendering users/new.html.erb within layouts/application
  Rendered users/new.html.erb within layouts/application (6.7ms)
Completed 200 OK in 29ms (Views: 26.0ms | ActiveRecord: 0.0ms)


Started GET "/new" for 127.0.0.1 at 2018-07-31 18:39:43 +0200
Processing by UsersController#new as HTML
  Rendering users/new.html.erb within layouts/application
  Rendered users/new.html.erb within layouts/application (1.6ms)
Completed 200 OK in 22ms (Views: 19.8ms | ActiveRecord: 0.0ms)


Started POST "/new" for 127.0.0.1 at 2018-07-31 18:40:04 +0200
Processing by UsersController#create as HTML
  Parameters: {"utf8"=>"✓", "authenticity_token"=>"x3Fm0WOsBMhEZQsei2m2byc3N21eOHeo0dc05TH/wabxRel6SV0AaXfLmG4hnQD2BByZyQXlqXsNRddRixnkAg==", "user"=>"denis", "email"=>"denis@ta.fr", "bio"=>"wser", "commit"=>"Create Post"}
Completed 500 Internal Server Error in 9ms (ActiveRecord: 0.5ms)


  
TypeError (no implicit conversion of Symbol into Integer):
  
app/controllers/users_controller.rb:12:in `[]'
app/controllers/users_controller.rb:12:in `create'
Started GET "/new" for 127.0.0.1 at 2018-07-31 18:41:30 +0200
Processing by UsersController#new as HTML
  Rendering users/new.html.erb within layouts/application
  Rendered users/new.html.erb within layouts/application (1.8ms)
Completed 200 OK in 20ms (Views: 18.0ms | ActiveRecord: 0.0ms)


Started POST "/new" for 127.0.0.1 at 2018-07-31 18:41:38 +0200
Processing by UsersController#create as HTML
  Parameters: {"utf8"=>"✓", "authenticity_token"=>"6MoSjxvptSUJgLdkUuma0XMWKuPezxp21ObuSC3KCdbe/p0kMRixhDouJBT4HSxIUD2ER4USxKUIdA38lywscg==", "user"=>"kipou", "email"=>"vovo@gmail.com", "bio"=>"nini", "commit"=>"Create Post"}
Completed 500 Internal Server Error in 9ms (ActiveRecord: 0.6ms)


  
TypeError (no implicit conversion of Symbol into Integer):
  
app/controllers/users_controller.rb:12:in `[]'
app/controllers/users_controller.rb:12:in `create'
Started GET "/" for 127.0.0.1 at 2018-07-31 18:42:03 +0200
  [1m[35m (0.1ms)[0m  [1m[34mSELECT "schema_migrations"."version" FROM "schema_migrations" ORDER BY "schema_migrations"."version" ASC[0m
  ↳ /Users/mailan/.rvm/gems/ruby-2.5.1/gems/activerecord-5.2.0/lib/active_record/log_subscriber.rb:98
Processing by StaticPagesController#home as HTML
  Rendering static_pages/home.html.erb within layouts/application
  Rendered static_pages/home.html.erb within layouts/application (0.8ms)
Completed 200 OK in 182ms (Views: 173.2ms | ActiveRecord: 0.0ms)


Started GET "/new" for 127.0.0.1 at 2018-07-31 18:42:04 +0200
Processing by UsersController#new as HTML
  Rendering users/new.html.erb within layouts/application
  Rendered users/new.html.erb within layouts/application (4.9ms)
Completed 200 OK in 31ms (Views: 27.3ms | ActiveRecord: 0.0ms)


Started POST "/new" for 127.0.0.1 at 2018-07-31 18:42:12 +0200
Processing by UsersController#create as HTML
  Parameters: {"utf8"=>"✓", "authenticity_token"=>"HRoRwDCVAED8MaUHQsnnVdaBhhMzTLDQ/mYKJsUUPx3YhCTtiKQ4bf88asPX+vcn8O9dcXAO4DINP2j7GIBINA==", "user"=>"kipou", "email"=>"kpo@aze.fr", "bio"=>"kkkkkk", "commit"=>"Create Post"}
Completed 500 Internal Server Error in 7ms (ActiveRecord: 0.5ms)


  
TypeError (no implicit conversion of Symbol into Integer):
  
app/controllers/users_controller.rb:12:in `[]'
app/controllers/users_controller.rb:12:in `create'
Started POST "/new" for 127.0.0.1 at 2018-07-31 18:44:31 +0200
Processing by UsersController#create as HTML
  Parameters: {"utf8"=>"✓", "authenticity_token"=>"HRoRwDCVAED8MaUHQsnnVdaBhhMzTLDQ/mYKJsUUPx3YhCTtiKQ4bf88asPX+vcn8O9dcXAO4DINP2j7GIBINA==", "user"=>"kipou", "email"=>"kpo@aze.fr", "bio"=>"kkkkkk", "commit"=>"Create Post"}
Completed 500 Internal Server Error in 1ms (ActiveRecord: 0.0ms)


  
TypeError (no implicit conversion of Symbol into Integer):
  
app/controllers/users_controller.rb:12:in `[]'
app/controllers/users_controller.rb:12:in `create'
Started GET "/new" for 127.0.0.1 at 2018-07-31 18:45:18 +0200
Processing by UsersController#new as HTML
  Rendering users/new.html.erb within layouts/application
  Rendered users/new.html.erb within layouts/application (3.3ms)
Completed 500 Internal Server Error in 11ms (ActiveRecord: 0.0ms)


  
ActionView::Template::Error (No route matches {:action=>"create_path", :controller=>"users"}):
    12: </form> -->
    13: 
    14: 
    15: <%= form_tag url_for(action: 'create_path'), method: "post" do %>
    16: 
    17:   <%= label_tag 'User' %>
    18:   <%= text_field_tag 'user'  %>
  
app/views/users/new.html.erb:15:in `_app_views_users_new_html_erb___2130521043904513483_70345516130020'
Started GET "/new" for 127.0.0.1 at 2018-07-31 18:47:12 +0200
Processing by UsersController#new as HTML
  Rendering users/new.html.erb within layouts/application
  Rendered users/new.html.erb within layouts/application (1.7ms)
Completed 200 OK in 21ms (Views: 18.6ms | ActiveRecord: 0.0ms)


Started POST "/create" for 127.0.0.1 at 2018-07-31 18:47:23 +0200
Processing by UsersController#create as HTML
  Parameters: {"utf8"=>"✓", "authenticity_token"=>"mlkz/ydnAWa8/hXzYHCh/675esGUifn33J1sfWW8y3+sbbxUDZYFx49QhoPKhBdmjdLUZc9UJyQAD4/J31ru2w==", "user"=>"azerty", "email"=>"kpo@aze.fr", "bio"=>"mama", "commit"=>"Create Post"}
Completed 500 Internal Server Error in 8ms (ActiveRecord: 0.8ms)


  
TypeError (no implicit conversion of Symbol into Integer):
  
app/controllers/users_controller.rb:12:in `[]'
app/controllers/users_controller.rb:12:in `create'
Started POST "/create" for 127.0.0.1 at 2018-07-31 18:48:12 +0200
Processing by UsersController#create as HTML
  Parameters: {"utf8"=>"✓", "authenticity_token"=>"mlkz/ydnAWa8/hXzYHCh/675esGUifn33J1sfWW8y3+sbbxUDZYFx49QhoPKhBdmjdLUZc9UJyQAD4/J31ru2w==", "user"=>"azerty", "email"=>"kpo@aze.fr", "bio"=>"mama", "commit"=>"Create Post"}
  [1m[35m (0.0ms)[0m  [1m[36mbegin transaction[0m
  ↳ app/controllers/users_controller.rb:15
  [1m[36mUser Create (0.5ms)[0m  [1m[32mINSERT INTO "users" ("created_at", "updated_at") VALUES (?, ?)[0m  [["created_at", "2018-07-31 16:48:12.964854"], ["updated_at", "2018-07-31 16:48:12.964854"]]
  ↳ app/controllers/users_controller.rb:15
  [1m[35m (0.9ms)[0m  [1m[36mcommit transaction[0m
  ↳ app/controllers/users_controller.rb:15
Redirected to http://localhost:3000/
Completed 302 Found in 10ms (ActiveRecord: 2.2ms)


Started GET "/" for 127.0.0.1 at 2018-07-31 18:48:12 +0200
Processing by StaticPagesController#home as HTML
  Rendering static_pages/home.html.erb within layouts/application
  Rendered static_pages/home.html.erb within layouts/application (0.5ms)
Completed 200 OK in 24ms (Views: 21.4ms | ActiveRecord: 0.0ms)


Started GET "/new" for 127.0.0.1 at 2018-07-31 18:49:20 +0200
Processing by UsersController#new as HTML
  Rendering users/new.html.erb within layouts/application
  Rendered users/new.html.erb within layouts/application (2.0ms)
Completed 200 OK in 25ms (Views: 21.8ms | ActiveRecord: 0.0ms)


Started POST "/new" for 127.0.0.1 at 2018-07-31 18:49:31 +0200
Processing by UsersController#create as HTML
  Parameters: {"utf8"=>"✓", "authenticity_token"=>"pS88TbpaR9CwWhA44f0ll9jEwfvo3p+Ga9px7dangoNgsQlgAmt//bNX3/x0zjXl/qoamaucz2SYgxMwCzP1qg==", "user"=>"dsdg", "email"=>"denis@ta.fr", "bio"=>"cdr", "commit"=>"Create Post"}
  [1m[35m (0.1ms)[0m  [1m[36mbegin transaction[0m
  ↳ app/controllers/users_controller.rb:15
  [1m[36mUser Create (0.3ms)[0m  [1m[32mINSERT INTO "users" ("created_at", "updated_at") VALUES (?, ?)[0m  [["created_at", "2018-07-31 16:49:31.628021"], ["updated_at", "2018-07-31 16:49:31.628021"]]
  ↳ app/controllers/users_controller.rb:15
  [1m[35m (0.8ms)[0m  [1m[36mcommit transaction[0m
  ↳ app/controllers/users_controller.rb:15
Redirected to http://localhost:3000/
Completed 302 Found in 11ms (ActiveRecord: 1.9ms)


Started GET "/" for 127.0.0.1 at 2018-07-31 18:49:31 +0200
Processing by StaticPagesController#home as HTML
  Rendering static_pages/home.html.erb within layouts/application
  Rendered static_pages/home.html.erb within layouts/application (0.5ms)
Completed 200 OK in 20ms (Views: 18.3ms | ActiveRecord: 0.0ms)


  [1m[35m (0.1ms)[0m  [1m[34mSELECT "schema_migrations"."version" FROM "schema_migrations" ORDER BY "schema_migrations"."version" ASC[0m
  ↳ bin/rails:9
  [1m[35m (0.2ms)[0m  [1m[34mSELECT "ar_internal_metadata"."value" FROM "ar_internal_metadata" WHERE "ar_internal_metadata"."key" = ?[0m  [["key", "environment"]]
  ↳ bin/rails:9
  [1m[35m (0.1ms)[0m  [1m[34mSELECT "schema_migrations"."version" FROM "schema_migrations" ORDER BY "schema_migrations"."version" ASC[0m
  ↳ bin/rails:9
  [1m[35m (0.1ms)[0m  [1m[34mSELECT "ar_internal_metadata"."value" FROM "ar_internal_metadata" WHERE "ar_internal_metadata"."key" = ?[0m  [["key", "environment"]]
  ↳ bin/rails:9
  [1m[35m (0.1ms)[0m  [1m[34mSELECT "schema_migrations"."version" FROM "schema_migrations" ORDER BY "schema_migrations"."version" ASC[0m
  ↳ bin/rails:9
  [1m[35m (0.1ms)[0m  [1m[34mSELECT "ar_internal_metadata"."value" FROM "ar_internal_metadata" WHERE "ar_internal_metadata"."key" = ?[0m  [["key", "environment"]]
  ↳ bin/rails:9
  [1m[35m (0.1ms)[0m  [1m[34mSELECT sqlite_version(*)[0m
  ↳ bin/rails:9
  [1m[35m (1.8ms)[0m  [1m[35mCREATE TABLE "schema_migrations" ("version" varchar NOT NULL PRIMARY KEY)[0m
  ↳ bin/rails:9
  [1m[35m (1.1ms)[0m  [1m[35mCREATE TABLE "ar_internal_metadata" ("key" varchar NOT NULL PRIMARY KEY, "value" varchar, "created_at" datetime NOT NULL, "updated_at" datetime NOT NULL)[0m
  ↳ bin/rails:9
  [1m[35m (0.1ms)[0m  [1m[34mSELECT "schema_migrations"."version" FROM "schema_migrations" ORDER BY "schema_migrations"."version" ASC[0m
  ↳ bin/rails:9
Migrating to CreateUsers (20180731100129)
  [1m[35m (0.1ms)[0m  [1m[36mbegin transaction[0m
  ↳ bin/rails:9
  [1m[35m (0.4ms)[0m  [1m[35mCREATE TABLE "users" ("id" integer PRIMARY KEY AUTOINCREMENT NOT NULL, "username" varchar, "email" varchar, "bio" text, "created_at" datetime NOT NULL, "updated_at" datetime NOT NULL)[0m
  ↳ db/migrate/20180731100129_create_users.rb:3
  [1m[36mActiveRecord::SchemaMigration Create (0.2ms)[0m  [1m[32mINSERT INTO "schema_migrations" ("version") VALUES (?)[0m  [["version", "20180731100129"]]
  ↳ bin/rails:9
  [1m[35m (0.8ms)[0m  [1m[36mcommit transaction[0m
  ↳ bin/rails:9
  [1m[36mActiveRecord::InternalMetadata Load (0.1ms)[0m  [1m[34mSELECT  "ar_internal_metadata".* FROM "ar_internal_metadata" WHERE "ar_internal_metadata"."key" = ? LIMIT ?[0m  [["key", "environment"], ["LIMIT", 1]]
  ↳ bin/rails:9
  [1m[35m (0.0ms)[0m  [1m[36mbegin transaction[0m
  ↳ bin/rails:9
  [1m[36mActiveRecord::InternalMetadata Create (0.3ms)[0m  [1m[32mINSERT INTO "ar_internal_metadata" ("key", "value", "created_at", "updated_at") VALUES (?, ?, ?, ?)[0m  [["key", "environment"], ["value", "development"], ["created_at", "2018-07-31 16:51:17.034006"], ["updated_at", "2018-07-31 16:51:17.034006"]]
  ↳ bin/rails:9
  [1m[35m (0.7ms)[0m  [1m[36mcommit transaction[0m
  ↳ bin/rails:9
  [1m[35m (0.1ms)[0m  [1m[34mSELECT "schema_migrations"."version" FROM "schema_migrations" ORDER BY "schema_migrations"."version" ASC[0m
  ↳ bin/rails:9
Started GET "/new" for 127.0.0.1 at 2018-07-31 18:52:40 +0200
  [1m[35m (0.2ms)[0m  [1m[34mSELECT "schema_migrations"."version" FROM "schema_migrations" ORDER BY "schema_migrations"."version" ASC[0m
  ↳ /Users/mailan/.rvm/gems/ruby-2.5.1/gems/activerecord-5.2.0/lib/active_record/log_subscriber.rb:98
Processing by UsersController#new as HTML
  Rendering users/new.html.erb within layouts/application
  Rendered users/new.html.erb within layouts/application (5.2ms)
Completed 200 OK in 213ms (Views: 203.4ms | ActiveRecord: 0.0ms)


Started POST "/new" for 127.0.0.1 at 2018-07-31 18:52:50 +0200
Processing by UsersController#create as HTML
  Parameters: {"utf8"=>"✓", "authenticity_token"=>"P7ZW5sqslyJuQU/TCElJlBfLS2Xy1rIDh2tPUhpu1y4JgtlN4F2Tg13v3KOivf8NNODlwakLbNBb+azmoIjyig==", "user"=>"new", "email"=>"first@aze.fr", "bio"=>"last", "commit"=>"Create Post"}
  [1m[35m (0.0ms)[0m  [1m[36mbegin transaction[0m
  ↳ app/controllers/users_controller.rb:15
  [1m[36mUser Create (0.4ms)[0m  [1m[32mINSERT INTO "users" ("created_at", "updated_at") VALUES (?, ?)[0m  [["created_at", "2018-07-31 16:52:50.196860"], ["updated_at", "2018-07-31 16:52:50.196860"]]
  ↳ app/controllers/users_controller.rb:15
  [1m[35m (0.8ms)[0m  [1m[36mcommit transaction[0m
  ↳ app/controllers/users_controller.rb:15
Redirected to http://localhost:3000/
Completed 302 Found in 11ms (ActiveRecord: 1.8ms)


Started GET "/" for 127.0.0.1 at 2018-07-31 18:52:50 +0200
Processing by StaticPagesController#home as HTML
  Rendering static_pages/home.html.erb within layouts/application
  Rendered static_pages/home.html.erb within layouts/application (0.5ms)
Completed 200 OK in 19ms (Views: 17.2ms | ActiveRecord: 0.0ms)


Started GET "/new" for 127.0.0.1 at 2018-07-31 18:54:12 +0200
Started GET "/new" for 127.0.0.1 at 2018-07-31 18:54:22 +0200
Processing by UsersController#new as HTML
  Rendering users/new.html.erb within layouts/application
  Rendered users/new.html.erb within layouts/application (2.2ms)
Completed 200 OK in 35ms (Views: 29.9ms | ActiveRecord: 0.0ms)


Processing by UsersController#new as HTML
  Rendering users/new.html.erb within layouts/application
  Rendered users/new.html.erb within layouts/application (1.4ms)
Completed 200 OK in 23ms (Views: 19.9ms | ActiveRecord: 0.0ms)


Started POST "/new" for 127.0.0.1 at 2018-07-31 18:54:29 +0200
Processing by UsersController#create as HTML
  Parameters: {"utf8"=>"✓", "authenticity_token"=>"MrRmX3op2BdPiXmUlXUzX3ywzoRG4AEwJPdkunMhYYP3KlNywhjgOkyEtlAARiMtWt4V5gWiUdLXrgZnrrUWqg==", "user"=>"sfdsgg", "email"=>"mailan.peng@gmail.com", "bio"=>"wcsw<cdsqdqd", "commit"=>"Create Post"}
  [1m[35m (0.0ms)[0m  [1m[36mbegin transaction[0m
  ↳ app/controllers/users_controller.rb:25
  [1m[36mUser Create (0.3ms)[0m  [1m[32mINSERT INTO "users" ("email", "bio", "created_at", "updated_at") VALUES (?, ?, ?, ?)[0m  [["email", "mailan.peng@gmail.com"], ["bio", "wcsw<cdsqdqd"], ["created_at", "2018-07-31 16:54:29.847603"], ["updated_at", "2018-07-31 16:54:29.847603"]]
  ↳ app/controllers/users_controller.rb:25
  [1m[35m (0.8ms)[0m  [1m[36mcommit transaction[0m
  ↳ app/controllers/users_controller.rb:25
Redirected to http://localhost:3000/
Completed 302 Found in 10ms (ActiveRecord: 1.8ms)


Started GET "/" for 127.0.0.1 at 2018-07-31 18:54:29 +0200
Processing by StaticPagesController#home as HTML
  Rendering static_pages/home.html.erb within layouts/application
  Rendered static_pages/home.html.erb within layouts/application (0.5ms)
Completed 200 OK in 21ms (Views: 18.4ms | ActiveRecord: 0.0ms)


Started GET "/new" for 127.0.0.1 at 2018-07-31 18:56:55 +0200
Processing by UsersController#new as HTML
  Rendering users/new.html.erb within layouts/application
  Rendered users/new.html.erb within layouts/application (2.0ms)
Completed 200 OK in 35ms (Views: 32.2ms | ActiveRecord: 0.0ms)


Started POST "/new" for 127.0.0.1 at 2018-07-31 18:57:42 +0200
Processing by UsersController#create as HTML
  Parameters: {"utf8"=>"✓", "authenticity_token"=>"FiNhl16ieZUo8CA2V4FHhh8Il2czdUrPthaUWT8wFkjTvVS65pNBuCv97/LCslf0OWZMBXA3Gi1FT/aE4qRhYQ==", "user"=>"kipou", "email"=>"mailan.peng@gmail.com", "bio"=>"biof", "commit"=>"Create Post"}
  [1m[35m (0.1ms)[0m  [1m[36mbegin transaction[0m
  ↳ app/controllers/users_controller.rb:16
  [1m[36mUser Create (0.4ms)[0m  [1m[32mINSERT INTO "users" ("username", "email", "bio", "created_at", "updated_at") VALUES (?, ?, ?, ?, ?)[0m  [["username", "kipou"], ["email", "mailan.peng@gmail.com"], ["bio", "biof"], ["created_at", "2018-07-31 16:57:42.299611"], ["updated_at", "2018-07-31 16:57:42.299611"]]
  ↳ app/controllers/users_controller.rb:16
  [1m[35m (0.9ms)[0m  [1m[36mcommit transaction[0m
  ↳ app/controllers/users_controller.rb:16
Redirected to http://localhost:3000/
Completed 302 Found in 25ms (ActiveRecord: 2.0ms)


Started GET "/" for 127.0.0.1 at 2018-07-31 18:57:42 +0200
Processing by StaticPagesController#home as HTML
  Rendering static_pages/home.html.erb within layouts/application
  Rendered static_pages/home.html.erb within layouts/application (0.5ms)
Completed 200 OK in 21ms (Views: 18.8ms | ActiveRecord: 0.0ms)


Started GET "/new" for 127.0.0.1 at 2018-07-31 19:19:05 +0200
Processing by UsersController#new as HTML
  Rendering users/new.html.erb within layouts/application
  Rendered users/new.html.erb within layouts/application (1.6ms)
Completed 200 OK in 20ms (Views: 18.0ms | ActiveRecord: 0.0ms)


Started POST "/new" for 127.0.0.1 at 2018-07-31 19:19:30 +0200
Processing by UsersController#create as HTML
  Parameters: {"utf8"=>"✓", "authenticity_token"=>"JHXFB2GWCsSRUKDBSAmAKYmv5puMYopkiocR9I3VkUHh6/Aq2acy6ZJdbwXdOpBbr8E9+c8g2oZ53nMpUEHmaA==", "user"=>"mai ", "email"=>"mailan.peng@gmail.com", "bio"=>"en formation ", "commit"=>"Create Post"}
  [1m[35m (0.1ms)[0m  [1m[36mbegin transaction[0m
  ↳ app/controllers/users_controller.rb:16
  [1m[36mUser Create (0.4ms)[0m  [1m[32mINSERT INTO "users" ("username", "email", "bio", "created_at", "updated_at") VALUES (?, ?, ?, ?, ?)[0m  [["username", "mai "], ["email", "mailan.peng@gmail.com"], ["bio", "en formation "], ["created_at", "2018-07-31 17:19:30.090360"], ["updated_at", "2018-07-31 17:19:30.090360"]]
  ↳ app/controllers/users_controller.rb:16
  [1m[35m (0.8ms)[0m  [1m[36mcommit transaction[0m
  ↳ app/controllers/users_controller.rb:16
Redirected to http://localhost:3000/
Completed 302 Found in 10ms (ActiveRecord: 2.0ms)


Started GET "/" for 127.0.0.1 at 2018-07-31 19:19:30 +0200
Processing by StaticPagesController#home as HTML
  Rendering static_pages/home.html.erb within layouts/application
  Rendered static_pages/home.html.erb within layouts/application (0.5ms)
Completed 200 OK in 20ms (Views: 17.7ms | ActiveRecord: 0.0ms)


Started GET "/" for 127.0.0.1 at 2018-07-31 19:54:25 +0200
  [1m[35m (0.1ms)[0m  [1m[34mSELECT "schema_migrations"."version" FROM "schema_migrations" ORDER BY "schema_migrations"."version" ASC[0m
  ↳ /Users/mailan/.rvm/gems/ruby-2.5.1/gems/activerecord-5.2.0/lib/active_record/log_subscriber.rb:98
Processing by StaticPagesController#home as HTML
  Rendering static_pages/home.html.erb within layouts/application
  Rendered static_pages/home.html.erb within layouts/application (1.3ms)
Completed 200 OK in 201ms (Views: 191.2ms | ActiveRecord: 0.0ms)


Started GET "/new" for 127.0.0.1 at 2018-07-31 19:54:32 +0200
Processing by UsersController#new as HTML
  Rendering users/new.html.erb within layouts/application
  Rendered users/new.html.erb within layouts/application (5.2ms)
Completed 200 OK in 27ms (Views: 23.9ms | ActiveRecord: 0.0ms)


Started GET "/new" for 127.0.0.1 at 2018-07-31 19:55:24 +0200
Processing by UsersController#new as HTML
  Rendering users/new.html.erb within layouts/application
  Rendered users/new.html.erb within layouts/application (1.6ms)
Completed 200 OK in 21ms (Views: 18.2ms | ActiveRecord: 0.0ms)


Started GET "/new" for 127.0.0.1 at 2018-07-31 19:57:35 +0200
Processing by UsersController#new as HTML
  Rendering users/new.html.erb within layouts/application
  Rendered users/new.html.erb within layouts/application (1.7ms)
Completed 200 OK in 21ms (Views: 18.5ms | ActiveRecord: 0.0ms)


Started GET "/new" for 127.0.0.1 at 2018-07-31 20:00:10 +0200
Processing by UsersController#new as HTML
  Rendering users/new.html.erb within layouts/application
  Rendered users/new.html.erb within layouts/application (1.6ms)
Completed 200 OK in 20ms (Views: 18.1ms | ActiveRecord: 0.0ms)


Started GET "/new" for 127.0.0.1 at 2018-07-31 20:01:33 +0200
Processing by UsersController#new as HTML
  Rendering users/new.html.erb within layouts/application
  Rendered users/new.html.erb within layouts/application (2.2ms)
Completed 200 OK in 24ms (Views: 21.5ms | ActiveRecord: 0.0ms)


Started GET "/new" for 127.0.0.1 at 2018-07-31 20:01:36 +0200
Processing by UsersController#new as HTML
  Rendering users/new.html.erb within layouts/application
  Rendered users/new.html.erb within layouts/application (1.8ms)
Completed 200 OK in 21ms (Views: 18.5ms | ActiveRecord: 0.0ms)


Started GET "/new" for 127.0.0.1 at 2018-07-31 20:02:10 +0200
Processing by UsersController#new as HTML
  Rendering users/new.html.erb within layouts/application
  Rendered users/new.html.erb within layouts/application (1.6ms)
Completed 200 OK in 21ms (Views: 19.2ms | ActiveRecord: 0.0ms)


Started GET "/new" for 127.0.0.1 at 2018-07-31 20:05:32 +0200
Processing by UsersController#new as HTML
  Rendering users/new.html.erb within layouts/application
  Rendered users/new.html.erb within layouts/application (1.7ms)
Completed 200 OK in 21ms (Views: 18.2ms | ActiveRecord: 0.0ms)


Started GET "/new" for 127.0.0.1 at 2018-07-31 20:08:00 +0200
Processing by UsersController#new as HTML
  Rendering users/new.html.erb within layouts/application
  Rendered users/new.html.erb within layouts/application (2.5ms)
Completed 200 OK in 34ms (Views: 32.2ms | ActiveRecord: 0.0ms)


Started GET "/new" for 127.0.0.1 at 2018-07-31 20:08:03 +0200
Processing by UsersController#new as HTML
  Rendering users/new.html.erb within layouts/application
  Rendered users/new.html.erb within layouts/application (1.7ms)
Completed 200 OK in 20ms (Views: 18.1ms | ActiveRecord: 0.0ms)


Started GET "/new" for 127.0.0.1 at 2018-07-31 20:09:27 +0200
Processing by UsersController#new as HTML
  Rendering users/new.html.erb within layouts/application
  Rendered users/new.html.erb within layouts/application (1.6ms)
Completed 200 OK in 21ms (Views: 18.6ms | ActiveRecord: 0.0ms)


Started GET "/new" for 127.0.0.1 at 2018-07-31 20:10:38 +0200
Processing by UsersController#new as HTML
  Rendering users/new.html.erb within layouts/application
  Rendered users/new.html.erb within layouts/application (1.8ms)
Completed 200 OK in 21ms (Views: 18.4ms | ActiveRecord: 0.0ms)


Started GET "/new" for 127.0.0.1 at 2018-07-31 20:10:39 +0200
Processing by UsersController#new as HTML
  Rendering users/new.html.erb within layouts/application
  Rendered users/new.html.erb within layouts/application (1.7ms)
Completed 200 OK in 21ms (Views: 18.3ms | ActiveRecord: 0.0ms)


Started GET "/new" for 127.0.0.1 at 2018-07-31 20:10:41 +0200
Processing by UsersController#new as HTML
  Rendering users/new.html.erb within layouts/application
  Rendered users/new.html.erb within layouts/application (1.8ms)
Completed 200 OK in 20ms (Views: 17.9ms | ActiveRecord: 0.0ms)


Started GET "/new" for 127.0.0.1 at 2018-07-31 20:11:27 +0200
Processing by UsersController#new as HTML
  Rendering users/new.html.erb within layouts/application
  Rendered users/new.html.erb within layouts/application (1.7ms)
Completed 200 OK in 21ms (Views: 18.5ms | ActiveRecord: 0.0ms)


Started GET "/new" for 127.0.0.1 at 2018-07-31 20:12:18 +0200
Processing by UsersController#new as HTML
  Rendering users/new.html.erb within layouts/application
  Rendered users/new.html.erb within layouts/application (1.9ms)
Completed 200 OK in 20ms (Views: 17.8ms | ActiveRecord: 0.0ms)


Started GET "/new" for 127.0.0.1 at 2018-07-31 20:17:08 +0200
  [1m[35m (0.1ms)[0m  [1m[34mSELECT "schema_migrations"."version" FROM "schema_migrations" ORDER BY "schema_migrations"."version" ASC[0m
  ↳ /Users/mailan/.rvm/gems/ruby-2.5.1/gems/activerecord-5.2.0/lib/active_record/log_subscriber.rb:98
Processing by UsersController#new as HTML
  Rendering users/new.html.erb within layouts/application
  Rendered users/new.html.erb within layouts/application (4.8ms)
Completed 200 OK in 1136ms (Views: 1126.0ms | ActiveRecord: 0.0ms)


Started GET "/new" for 127.0.0.1 at 2018-07-31 20:17:55 +0200
Processing by UsersController#new as HTML
  Rendering users/new.html.erb within layouts/application
  Rendered users/new.html.erb within layouts/application (2.0ms)
Completed 200 OK in 32ms (Views: 29.5ms | ActiveRecord: 0.0ms)


Started GET "/new" for 127.0.0.1 at 2018-07-31 20:17:57 +0200
Processing by UsersController#new as HTML
  Rendering users/new.html.erb within layouts/application
  Rendered users/new.html.erb within layouts/application (2.1ms)
Completed 200 OK in 28ms (Views: 25.2ms | ActiveRecord: 0.0ms)


Started GET "/new" for 127.0.0.1 at 2018-07-31 20:18:20 +0200
Processing by UsersController#new as HTML
  Rendering users/new.html.erb within layouts/application
  Rendered users/new.html.erb within layouts/application (2.0ms)
Completed 200 OK in 26ms (Views: 24.1ms | ActiveRecord: 0.0ms)


Started GET "/" for 127.0.0.1 at 2018-07-31 20:18:23 +0200
Processing by StaticPagesController#home as HTML
  Rendering static_pages/home.html.erb within layouts/application
  Rendered static_pages/home.html.erb within layouts/application (0.8ms)
Completed 200 OK in 40ms (Views: 37.0ms | ActiveRecord: 0.0ms)


Started GET "/new" for 127.0.0.1 at 2018-07-31 20:18:26 +0200
Processing by UsersController#new as HTML
  Rendering users/new.html.erb within layouts/application
  Rendered users/new.html.erb within layouts/application (4.5ms)
Completed 200 OK in 41ms (Views: 37.2ms | ActiveRecord: 0.0ms)


Started GET "/new" for 127.0.0.1 at 2018-07-31 20:18:53 +0200
Processing by UsersController#new as HTML
  Rendering users/new.html.erb within layouts/application
  Rendered users/new.html.erb within layouts/application (2.7ms)
Completed 200 OK in 27ms (Views: 24.8ms | ActiveRecord: 0.0ms)


Started GET "/new" for 127.0.0.1 at 2018-07-31 20:20:14 +0200
Processing by UsersController#new as HTML
  Rendering users/new.html.erb within layouts/application
  Rendered users/new.html.erb within layouts/application (1.9ms)
Completed 200 OK in 23ms (Views: 20.4ms | ActiveRecord: 0.0ms)


Started GET "/new" for 127.0.0.1 at 2018-07-31 20:21:03 +0200
Processing by UsersController#new as HTML
  Rendering users/new.html.erb within layouts/application
  Rendered users/new.html.erb within layouts/application (1.7ms)
Completed 200 OK in 23ms (Views: 20.7ms | ActiveRecord: 0.0ms)


Started GET "/new" for 127.0.0.1 at 2018-07-31 20:21:40 +0200
Processing by UsersController#new as HTML
  Rendering users/new.html.erb within layouts/application
  Rendered users/new.html.erb within layouts/application (1.9ms)
Completed 200 OK in 26ms (Views: 23.9ms | ActiveRecord: 0.0ms)


Started GET "/new" for 127.0.0.1 at 2018-07-31 20:25:09 +0200
Processing by UsersController#new as HTML
  Rendering users/new.html.erb within layouts/application
  Rendered users/new.html.erb within layouts/application (0.8ms)
Completed 500 Internal Server Error in 8ms (ActiveRecord: 0.0ms)


  
SyntaxError (/Users/mailan/Documents/Thp_s5/heroku-app/app/views/users/new.html.erb:24: syntax error, unexpected ',', expecting ')'
...pend=( text_field_tag ('email',{:class=>"form-control"}));@o...
...                              ^
/Users/mailan/Documents/Thp_s5/heroku-app/app/views/users/new.html.erb:24: syntax error, unexpected '}', expecting ')'
...email',{:class=>"form-control"}));@output_buffer.safe_append...
...                              ^
/Users/mailan/Documents/Thp_s5/heroku-app/app/views/users/new.html.erb:35: syntax error, unexpected keyword_end, expecting ')'
'.freeze; end 
          ^~~
/Users/mailan/Documents/Thp_s5/heroku-app/app/views/users/new.html.erb:48: syntax error, unexpected keyword_ensure, expecting ')'
          ensure
          ^~~~~~
/Users/mailan/Documents/Thp_s5/heroku-app/app/views/users/new.html.erb:50: syntax error, unexpected keyword_end, expecting ')'
          end
          ^~~):
  
app/views/users/new.html.erb:24: syntax error, unexpected ',', expecting ')'
app/views/users/new.html.erb:24: syntax error, unexpected '}', expecting ')'
app/views/users/new.html.erb:35: syntax error, unexpected keyword_end, expecting ')'
app/views/users/new.html.erb:48: syntax error, unexpected keyword_ensure, expecting ')'
app/views/users/new.html.erb:50: syntax error, unexpected keyword_end, expecting ')'
Started GET "/new" for 127.0.0.1 at 2018-07-31 20:25:47 +0200
Processing by UsersController#new as HTML
  Rendering users/new.html.erb within layouts/application
  Rendered users/new.html.erb within layouts/application (0.8ms)
Completed 500 Internal Server Error in 8ms (ActiveRecord: 0.0ms)


  
SyntaxError (/Users/mailan/Documents/Thp_s5/heroku-app/app/views/users/new.html.erb:24: syntax error, unexpected ',', expecting ')'
...ppend=( text_field_tag (:email,{:class=>"form-control"}));@o...
...                              ^
/Users/mailan/Documents/Thp_s5/heroku-app/app/views/users/new.html.erb:24: syntax error, unexpected '}', expecting ')'
...:email,{:class=>"form-control"}));@output_buffer.safe_append...
...                              ^
/Users/mailan/Documents/Thp_s5/heroku-app/app/views/users/new.html.erb:35: syntax error, unexpected keyword_end, expecting ')'
'.freeze; end 
          ^~~
/Users/mailan/Documents/Thp_s5/heroku-app/app/views/users/new.html.erb:48: syntax error, unexpected keyword_ensure, expecting ')'
          ensure
          ^~~~~~
/Users/mailan/Documents/Thp_s5/heroku-app/app/views/users/new.html.erb:50: syntax error, unexpected keyword_end, expecting ')'
          end
          ^~~):
  
app/views/users/new.html.erb:24: syntax error, unexpected ',', expecting ')'
app/views/users/new.html.erb:24: syntax error, unexpected '}', expecting ')'
app/views/users/new.html.erb:35: syntax error, unexpected keyword_end, expecting ')'
app/views/users/new.html.erb:48: syntax error, unexpected keyword_ensure, expecting ')'
app/views/users/new.html.erb:50: syntax error, unexpected keyword_end, expecting ')'
Started GET "/new" for 127.0.0.1 at 2018-07-31 20:26:41 +0200
Processing by UsersController#new as HTML
  Rendering users/new.html.erb within layouts/application
  Rendered users/new.html.erb within layouts/application (0.8ms)
Completed 500 Internal Server Error in 8ms (ActiveRecord: 0.0ms)


  
SyntaxError (/Users/mailan/Documents/Thp_s5/heroku-app/app/views/users/new.html.erb:24: syntax error, unexpected ',', expecting ')'
...ppend=( text_field_tag (:email,{class: "form-control"}));@ou...
...                              ^
/Users/mailan/Documents/Thp_s5/heroku-app/app/views/users/new.html.erb:24: syntax error, unexpected '}', expecting ')'
...(:email,{class: "form-control"}));@output_buffer.safe_append...
...                              ^
/Users/mailan/Documents/Thp_s5/heroku-app/app/views/users/new.html.erb:35: syntax error, unexpected keyword_end, expecting ')'
'.freeze; end 
          ^~~
/Users/mailan/Documents/Thp_s5/heroku-app/app/views/users/new.html.erb:48: syntax error, unexpected keyword_ensure, expecting ')'
          ensure
          ^~~~~~
/Users/mailan/Documents/Thp_s5/heroku-app/app/views/users/new.html.erb:50: syntax error, unexpected keyword_end, expecting ')'
          end
          ^~~):
  
app/views/users/new.html.erb:24: syntax error, unexpected ',', expecting ')'
app/views/users/new.html.erb:24: syntax error, unexpected '}', expecting ')'
app/views/users/new.html.erb:35: syntax error, unexpected keyword_end, expecting ')'
app/views/users/new.html.erb:48: syntax error, unexpected keyword_ensure, expecting ')'
app/views/users/new.html.erb:50: syntax error, unexpected keyword_end, expecting ')'
Started GET "/new" for 127.0.0.1 at 2018-07-31 20:27:42 +0200
Processing by UsersController#new as HTML
  Rendering users/new.html.erb within layouts/application
  Rendered users/new.html.erb within layouts/application (0.9ms)
Completed 500 Internal Server Error in 8ms (ActiveRecord: 0.0ms)


  
SyntaxError (/Users/mailan/Documents/Thp_s5/heroku-app/app/views/users/new.html.erb:24: syntax error, unexpected ',', expecting ')'
...ppend=( text_field_tag (:email,{class:"form-control"}));@out...
...                              ^
/Users/mailan/Documents/Thp_s5/heroku-app/app/views/users/new.html.erb:24: syntax error, unexpected '}', expecting &. or :: or '[' or '.'
... (:email,{class:"form-control"}));@output_buffer.safe_append...
...                              ^
/Users/mailan/Documents/Thp_s5/heroku-app/app/views/users/new.html.erb:36: syntax error, unexpected keyword_end, expecting ')'
'.freeze; end 
          ^~~
/Users/mailan/Documents/Thp_s5/heroku-app/app/views/users/new.html.erb:49: syntax error, unexpected keyword_ensure, expecting ')'
          ensure
          ^~~~~~
/Users/mailan/Documents/Thp_s5/heroku-app/app/views/users/new.html.erb:51: syntax error, unexpected keyword_end, expecting ')'
          end
          ^~~):
  
app/views/users/new.html.erb:24: syntax error, unexpected ',', expecting ')'
app/views/users/new.html.erb:24: syntax error, unexpected '}', expecting &. or :: or '[' or '.'
app/views/users/new.html.erb:36: syntax error, unexpected keyword_end, expecting ')'
app/views/users/new.html.erb:49: syntax error, unexpected keyword_ensure, expecting ')'
app/views/users/new.html.erb:51: syntax error, unexpected keyword_end, expecting ')'
Started GET "/" for 127.0.0.1 at 2018-07-31 20:30:58 +0200
Processing by StaticPagesController#home as HTML
  Rendering static_pages/home.html.erb within layouts/application
  Rendered static_pages/home.html.erb within layouts/application (0.4ms)
Completed 200 OK in 24ms (Views: 20.7ms | ActiveRecord: 0.0ms)


Started GET "/new" for 127.0.0.1 at 2018-07-31 20:31:02 +0200
Processing by UsersController#new as HTML
  Rendering users/new.html.erb within layouts/application
  Rendered users/new.html.erb within layouts/application (2.4ms)
Completed 200 OK in 29ms (Views: 26.9ms | ActiveRecord: 0.0ms)


Started GET "/new" for 127.0.0.1 at 2018-07-31 20:33:08 +0200
Processing by UsersController#new as HTML
  Rendering users/new.html.erb within layouts/application
  Rendered users/new.html.erb within layouts/application (3.7ms)
Completed 500 Internal Server Error in 11ms (ActiveRecord: 0.0ms)


  
ActionView::Template::Error (First argument in form cannot contain nil or be empty):
    49:       <div class="col-6">
    50:         <div class="form">
    51:           <h2>S'identifier</h2>
    52:           <%= form_for @user, url: {action: "create3"} do |f| %>
    53:           <div class="form-group">
    54:           <%= f.label 'Pseudo' %>
    55:           <%= f.text_field :username, class:"form-control", placeholder: "Pseudo" %>
  
app/views/users/new.html.erb:52:in `_app_views_users_new_html_erb__2327575262006927194_70253940520300'
Started GET "/new" for 127.0.0.1 at 2018-07-31 20:33:22 +0200
Processing by UsersController#new as HTML
  Rendering users/new.html.erb within layouts/application
  Rendered users/new.html.erb within layouts/application (4.8ms)
Completed 500 Internal Server Error in 12ms (ActiveRecord: 0.0ms)


  
ActionView::Template::Error (First argument in form cannot contain nil or be empty):
    49:       <div class="col-6">
    50:         <div class="form">
    51:           <h2>S'identifier</h2>
    52:           <%= form_for @user, url: {action: "create"} do |f| %>
    53:           <div class="form-group">
    54:           <%= f.label 'Pseudo' %>
    55:           <%= f.text_field :username, class:"form-control", placeholder: "Pseudo" %>
  
app/views/users/new.html.erb:52:in `_app_views_users_new_html_erb__2327575262006927194_70253998912600'
Started GET "/new" for 127.0.0.1 at 2018-07-31 20:46:55 +0200
Processing by UsersController#new as HTML
  Rendering users/new.html.erb within layouts/application
  Rendered users/new.html.erb within layouts/application (3.8ms)
Completed 500 Internal Server Error in 12ms (ActiveRecord: 0.0ms)


  
ActionView::Template::Error (First argument in form cannot contain nil or be empty):
    49:       <div class="col-6">
    50:         <div class="form">
    51:           <h2>S'identifier</h2>
    52:           <%= form_for @user, url: {action: "create"} do |f| %>
    53:           <div class="form-group">
    54:           <%= f.label 'Pseudo' %>
    55:           <%= f.text_field :username, class:"form-control", placeholder: "Pseudo" %>
  
app/views/users/new.html.erb:52:in `_app_views_users_new_html_erb__2327575262006927194_70253949857360'
Started GET "/new" for 127.0.0.1 at 2018-07-31 20:47:21 +0200
Processing by UsersController#new as HTML
  Rendering users/new.html.erb within layouts/application
  Rendered users/new.html.erb within layouts/application (1.6ms)
Completed 200 OK in 28ms (Views: 25.8ms | ActiveRecord: 0.0ms)


Started GET "/new" for 127.0.0.1 at 2018-07-31 20:48:36 +0200
Processing by UsersController#new as HTML
  Rendering users/new.html.erb within layouts/application
  Rendered users/new.html.erb within layouts/application (1.7ms)
Completed 200 OK in 22ms (Views: 19.6ms | ActiveRecord: 0.0ms)


Started GET "/new" for 127.0.0.1 at 2018-07-31 20:48:39 +0200
Processing by UsersController#new as HTML
  Rendering users/new.html.erb within layouts/application
  Rendered users/new.html.erb within layouts/application (1.7ms)
Completed 200 OK in 22ms (Views: 20.1ms | ActiveRecord: 0.0ms)


Started GET "/new" for 127.0.0.1 at 2018-07-31 20:51:03 +0200
Processing by UsersController#new as HTML
  Rendering users/new.html.erb within layouts/application
  Rendered users/new.html.erb within layouts/application (1.6ms)
Completed 200 OK in 22ms (Views: 19.8ms | ActiveRecord: 0.0ms)


Started GET "/new" for 127.0.0.1 at 2018-07-31 20:51:58 +0200
Processing by UsersController#new as HTML
  Rendering users/new.html.erb within layouts/application
  Rendered users/new.html.erb within layouts/application (1.7ms)
Completed 200 OK in 28ms (Views: 25.7ms | ActiveRecord: 0.0ms)


